{"/home/travis/build/npmtest/node-npmtest-smtp-protocol/test.js":{"path":"/home/travis/build/npmtest/node-npmtest-smtp-protocol/test.js","s":{"1":2,"2":2,"3":2,"4":2,"5":2,"6":2,"7":2,"8":1,"9":2,"10":2,"11":1,"12":1,"13":1,"14":1,"15":2,"16":2,"17":2,"18":2,"19":1,"20":1,"21":2,"22":2,"23":2,"24":1,"25":1,"26":1,"27":1,"28":1,"29":1,"30":1,"31":1,"32":1,"33":1,"34":1,"35":1,"36":1,"37":1,"38":1,"39":2,"40":2,"41":1,"42":2,"43":2,"44":1,"45":2,"46":2,"47":1,"48":2,"49":2,"50":1,"51":1,"52":1,"53":1,"54":1},"b":{"1":[2,1,1,1],"2":[1,1,1,1],"3":[1,1],"4":[1,1],"5":[1,1],"6":[1,1],"7":[1,1],"8":[1,1],"9":[1,1],"10":[1,1,1],"11":[1,1],"12":[1,1],"13":[1,1],"14":[1,1],"15":[1,1],"16":[1,1],"17":[1,1]},"f":{"1":2,"2":2,"3":2,"4":2,"5":2,"6":1,"7":1,"8":1,"9":2,"10":2,"11":2,"12":2,"13":1},"fnMap":{"1":{"name":"(anonymous_1)","line":12,"loc":{"start":{"line":12,"column":1},"end":{"line":12,"column":13}}},"2":{"name":"(anonymous_2)","line":19,"loc":{"start":{"line":19,"column":5},"end":{"line":19,"column":17}}},"3":{"name":"(anonymous_3)","line":23,"loc":{"start":{"line":23,"column":24},"end":{"line":23,"column":36}}},"4":{"name":"(anonymous_4)","line":61,"loc":{"start":{"line":61,"column":5},"end":{"line":61,"column":17}}},"5":{"name":"(anonymous_5)","line":82,"loc":{"start":{"line":82,"column":5},"end":{"line":82,"column":17}}},"6":{"name":"(anonymous_6)","line":91,"loc":{"start":{"line":91,"column":77},"end":{"line":94,"column":10}}},"7":{"name":"(anonymous_7)","line":112,"loc":{"start":{"line":112,"column":83},"end":{"line":115,"column":10}},"skip":true},"8":{"name":"(anonymous_8)","line":123,"loc":{"start":{"line":123,"column":77},"end":{"line":126,"column":10}},"skip":true},"9":{"name":"(anonymous_9)","line":139,"loc":{"start":{"line":139,"column":12},"end":{"line":139,"column":40}},"skip":true},"10":{"name":"(anonymous_10)","line":147,"loc":{"start":{"line":147,"column":77},"end":{"line":150,"column":10}},"skip":true},"11":{"name":"(anonymous_11)","line":158,"loc":{"start":{"line":158,"column":83},"end":{"line":161,"column":10}},"skip":true},"12":{"name":"(anonymous_12)","line":169,"loc":{"start":{"line":169,"column":79},"end":{"line":172,"column":10}},"skip":true},"13":{"name":"(anonymous_13)","line":180,"loc":{"start":{"line":180,"column":75},"end":{"line":183,"column":10}},"skip":true}},"statementMap":{"1":{"start":{"line":12,"column":0},"end":{"line":195,"column":5}},"2":{"start":{"line":14,"column":4},"end":{"line":14,"column":14}},"3":{"start":{"line":19,"column":4},"end":{"line":56,"column":9}},"4":{"start":{"line":21,"column":8},"end":{"line":21,"column":19}},"5":{"start":{"line":23,"column":8},"end":{"line":35,"column":13}},"6":{"start":{"line":24,"column":12},"end":{"line":34,"column":13}},"7":{"start":{"line":25,"column":16},"end":{"line":28,"column":30}},"8":{"start":{"line":30,"column":16},"end":{"line":33,"column":27}},"9":{"start":{"line":37,"column":8},"end":{"line":39,"column":21}},"10":{"start":{"line":40,"column":8},"end":{"line":53,"column":9}},"11":{"start":{"line":43,"column":12},"end":{"line":46,"column":14}},"12":{"start":{"line":47,"column":12},"end":{"line":47,"column":18}},"13":{"start":{"line":50,"column":12},"end":{"line":51,"column":33}},"14":{"start":{"line":52,"column":12},"end":{"line":52,"column":18}},"15":{"start":{"line":55,"column":8},"end":{"line":55,"column":35}},"16":{"start":{"line":61,"column":4},"end":{"line":63,"column":9}},"17":{"start":{"line":62,"column":8},"end":{"line":62,"column":15}},"18":{"start":{"line":64,"column":4},"end":{"line":77,"column":5}},"19":{"start":{"line":70,"column":8},"end":{"line":70,"column":14}},"20":{"start":{"line":76,"column":8},"end":{"line":76,"column":14}},"21":{"start":{"line":82,"column":4},"end":{"line":84,"column":9}},"22":{"start":{"line":83,"column":8},"end":{"line":83,"column":15}},"23":{"start":{"line":85,"column":4},"end":{"line":194,"column":5}},"24":{"start":{"line":91,"column":8},"end":{"line":99,"column":10}},"25":{"start":{"line":98,"column":12},"end":{"line":98,"column":35}},"26":{"start":{"line":102,"column":8},"end":{"line":104,"column":63}},"27":{"start":{"line":105,"column":8},"end":{"line":105,"column":14}},"28":{"start":{"line":112,"column":8},"end":{"line":121,"column":10},"skip":true},"29":{"start":{"line":119,"column":12},"end":{"line":119,"column":55},"skip":true},"30":{"start":{"line":120,"column":12},"end":{"line":120,"column":48},"skip":true},"31":{"start":{"line":123,"column":8},"end":{"line":136,"column":10},"skip":true},"32":{"start":{"line":130,"column":12},"end":{"line":130,"column":76},"skip":true},"33":{"start":{"line":131,"column":12},"end":{"line":131,"column":73},"skip":true},"34":{"start":{"line":132,"column":12},"end":{"line":132,"column":74},"skip":true},"35":{"start":{"line":133,"column":12},"end":{"line":133,"column":79},"skip":true},"36":{"start":{"line":134,"column":12},"end":{"line":134,"column":25},"skip":true},"37":{"start":{"line":135,"column":12},"end":{"line":135,"column":45},"skip":true},"38":{"start":{"line":138,"column":8},"end":{"line":145,"column":14},"skip":true},"39":{"start":{"line":143,"column":16},"end":{"line":143,"column":29},"skip":true},"40":{"start":{"line":144,"column":16},"end":{"line":144,"column":55},"skip":true},"41":{"start":{"line":147,"column":8},"end":{"line":156,"column":10},"skip":true},"42":{"start":{"line":154,"column":12},"end":{"line":154,"column":25},"skip":true},"43":{"start":{"line":155,"column":12},"end":{"line":155,"column":45},"skip":true},"44":{"start":{"line":158,"column":8},"end":{"line":167,"column":10},"skip":true},"45":{"start":{"line":165,"column":12},"end":{"line":165,"column":25},"skip":true},"46":{"start":{"line":166,"column":12},"end":{"line":166,"column":48},"skip":true},"47":{"start":{"line":169,"column":8},"end":{"line":178,"column":10},"skip":true},"48":{"start":{"line":176,"column":12},"end":{"line":176,"column":25},"skip":true},"49":{"start":{"line":177,"column":12},"end":{"line":177,"column":46},"skip":true},"50":{"start":{"line":180,"column":8},"end":{"line":189,"column":10},"skip":true},"51":{"start":{"line":187,"column":12},"end":{"line":187,"column":94},"skip":true},"52":{"start":{"line":188,"column":12},"end":{"line":188,"column":48},"skip":true},"53":{"start":{"line":192,"column":8},"end":{"line":192,"column":35},"skip":true},"54":{"start":{"line":193,"column":8},"end":{"line":193,"column":14},"skip":true}},"branchMap":{"1":{"line":25,"type":"binary-expr","locations":[{"start":{"line":25,"column":23},"end":{"line":25,"column":62}},{"start":{"line":26,"column":20},"end":{"line":26,"column":70}},{"start":{"line":27,"column":20},"end":{"line":27,"column":71}},{"start":{"line":28,"column":20},"end":{"line":28,"column":29}}]},"2":{"line":30,"type":"binary-expr","locations":[{"start":{"line":30,"column":23},"end":{"line":30,"column":37}},{"start":{"line":31,"column":20},"end":{"line":31,"column":61}},{"start":{"line":32,"column":20},"end":{"line":32,"column":70}},{"start":{"line":33,"column":20},"end":{"line":33,"column":26}}]},"3":{"line":37,"type":"cond-expr","locations":[{"start":{"line":38,"column":14},"end":{"line":38,"column":20}},{"start":{"line":39,"column":14},"end":{"line":39,"column":20}}]},"4":{"line":40,"type":"switch","locations":[{"start":{"line":42,"column":8},"end":{"line":47,"column":18}},{"start":{"line":49,"column":8},"end":{"line":52,"column":18}}]},"5":{"line":44,"type":"binary-expr","locations":[{"start":{"line":44,"column":16},"end":{"line":44,"column":44}},{"start":{"line":44,"column":48},"end":{"line":44,"column":66}}]},"6":{"line":50,"type":"binary-expr","locations":[{"start":{"line":50,"column":21},"end":{"line":50,"column":49}},{"start":{"line":50,"column":53},"end":{"line":50,"column":72}}]},"7":{"line":64,"type":"switch","locations":[{"start":{"line":69,"column":4},"end":{"line":70,"column":14}},{"start":{"line":75,"column":4},"end":{"line":76,"column":14}}]},"8":{"line":85,"type":"switch","locations":[{"start":{"line":90,"column":4},"end":{"line":105,"column":14}},{"start":{"line":111,"column":4},"end":{"line":193,"column":14},"skip":true}]},"9":{"line":91,"type":"binary-expr","locations":[{"start":{"line":91,"column":42},"end":{"line":91,"column":73}},{"start":{"line":91,"column":77},"end":{"line":99,"column":9}}]},"10":{"line":102,"type":"binary-expr","locations":[{"start":{"line":102,"column":18},"end":{"line":102,"column":32}},{"start":{"line":103,"column":12},"end":{"line":103,"column":53}},{"start":{"line":104,"column":12},"end":{"line":104,"column":61}}]},"11":{"line":112,"type":"binary-expr","locations":[{"start":{"line":112,"column":45},"end":{"line":112,"column":79},"skip":true},{"start":{"line":112,"column":83},"end":{"line":121,"column":9},"skip":true}]},"12":{"line":123,"type":"binary-expr","locations":[{"start":{"line":123,"column":42},"end":{"line":123,"column":73},"skip":true},{"start":{"line":123,"column":77},"end":{"line":136,"column":9},"skip":true}]},"13":{"line":138,"type":"binary-expr","locations":[{"start":{"line":138,"column":48},"end":{"line":138,"column":85},"skip":true},{"start":{"line":139,"column":12},"end":{"line":145,"column":13},"skip":true}]},"14":{"line":147,"type":"binary-expr","locations":[{"start":{"line":147,"column":42},"end":{"line":147,"column":73},"skip":true},{"start":{"line":147,"column":77},"end":{"line":156,"column":9},"skip":true}]},"15":{"line":158,"type":"binary-expr","locations":[{"start":{"line":158,"column":45},"end":{"line":158,"column":79},"skip":true},{"start":{"line":158,"column":83},"end":{"line":167,"column":9},"skip":true}]},"16":{"line":169,"type":"binary-expr","locations":[{"start":{"line":169,"column":43},"end":{"line":169,"column":75},"skip":true},{"start":{"line":169,"column":79},"end":{"line":178,"column":9},"skip":true}]},"17":{"line":180,"type":"binary-expr","locations":[{"start":{"line":180,"column":41},"end":{"line":180,"column":71},"skip":true},{"start":{"line":180,"column":75},"end":{"line":189,"column":9},"skip":true}]}},"code":["/* istanbul instrument in package npmtest_smtp_protocol */","/*jslint","    bitwise: true,","    browser: true,","    maxerr: 8,","    maxlen: 96,","    node: true,","    nomen: true,","    regexp: true,","    stupid: true","*/","(function () {","    'use strict';","    var local;","","","","    // run shared js-env code - pre-init","    (function () {","        // init local","        local = {};","        // init modeJs","        local.modeJs = (function () {","            try {","                return typeof navigator.userAgent === 'string' &&","                    typeof document.querySelector('body') === 'object' &&","                    typeof XMLHttpRequest.prototype.open === 'function' &&","                    'browser';","            } catch (errorCaughtBrowser) {","                return module.exports &&","                    typeof process.versions.node === 'string' &&","                    typeof require('http').createServer === 'function' &&","                    'node';","            }","        }());","        // init global","        local.global = local.modeJs === 'browser'","            ? window","            : global;","        switch (local.modeJs) {","        // re-init local from window.local","        case 'browser':","            local = local.global.utility2.objectSetDefault(","                local.global.utility2_rollup || local.global.local,","                local.global.utility2","            );","            break;","        // re-init local from example.js","        case 'node':","            local = (local.global.utility2_rollup || require('utility2'))","                .requireReadme();","            break;","        }","        // export local","        local.global.local = local;","    }());","","","","    // run shared js-env code - function","    (function () {","        return;","    }());","    switch (local.modeJs) {","","","","    // run browser js-env code - function","    case 'browser':","        break;","","","","    // run node js-env code - function","    case 'node':","        break;","    }","","","","    // run shared js-env code - post-init","    (function () {","        return;","    }());","    switch (local.modeJs) {","","","","    // run browser js-env code - post-init","    case 'browser':","        local.testCase_browser_nullCase = local.testCase_browser_nullCase || function (","            options,","            onError","        ) {","        /*","         * this function will test browsers's null-case handling-behavior-behavior","         */","            onError(null, options);","        };","","        // run tests","        local.nop(local.modeTest &&","            document.querySelector('#testRunButton1') &&","            document.querySelector('#testRunButton1').click());","        break;","","","","    // run node js-env code - post-init","    /* istanbul ignore next */","    case 'node':","        local.testCase_buildApidoc_default = local.testCase_buildApidoc_default || function (","            options,","            onError","        ) {","        /*","         * this function will test buildApidoc's default handling-behavior-behavior","         */","            options = { modulePathList: module.paths };","            local.buildApidoc(options, onError);","        };","","        local.testCase_buildApp_default = local.testCase_buildApp_default || function (","            options,","            onError","        ) {","        /*","         * this function will test buildApp's default handling-behavior-behavior","         */","            local.testCase_buildReadme_default(options, local.onErrorThrow);","            local.testCase_buildLib_default(options, local.onErrorThrow);","            local.testCase_buildTest_default(options, local.onErrorThrow);","            local.testCase_buildCustomOrg_default(options, local.onErrorThrow);","            options = [];","            local.buildApp(options, onError);","        };","","        local.testCase_buildCustomOrg_default = local.testCase_buildCustomOrg_default ||","            function (options, onError) {","            /*","             * this function will test buildCustomOrg's default handling-behavior","             */","                options = {};","                local.buildCustomOrg(options, onError);","            };","","        local.testCase_buildLib_default = local.testCase_buildLib_default || function (","            options,","            onError","        ) {","        /*","         * this function will test buildLib's default handling-behavior","         */","            options = {};","            local.buildLib(options, onError);","        };","","        local.testCase_buildReadme_default = local.testCase_buildReadme_default || function (","            options,","            onError","        ) {","        /*","         * this function will test buildReadme's default handling-behavior-behavior","         */","            options = {};","            local.buildReadme(options, onError);","        };","","        local.testCase_buildTest_default = local.testCase_buildTest_default || function (","            options,","            onError","        ) {","        /*","         * this function will test buildTest's default handling-behavior","         */","            options = {};","            local.buildTest(options, onError);","        };","","        local.testCase_webpage_default = local.testCase_webpage_default || function (","            options,","            onError","        ) {","        /*","         * this function will test webpage's default handling-behavior","         */","            options = { modeCoverageMerge: true, url: local.serverLocalHost + '?modeTest=1' };","            local.browserTest(options, onError);","        };","","        // run test-server","        local.testRunServer(local);","        break;","    }","}());",""],"l":{"12":2,"14":2,"19":2,"21":2,"23":2,"24":2,"25":2,"30":1,"37":2,"40":2,"43":1,"47":1,"50":1,"52":1,"55":2,"61":2,"62":2,"64":2,"70":1,"76":1,"82":2,"83":2,"85":2,"91":1,"98":1,"102":1,"105":1,"112":1,"119":1,"120":1,"123":1,"130":1,"131":1,"132":1,"133":1,"134":1,"135":1,"138":1,"143":2,"144":2,"147":1,"154":2,"155":2,"158":1,"165":2,"166":2,"169":1,"176":2,"177":2,"180":1,"187":1,"188":1,"192":1,"193":1}},"/home/travis/build/npmtest/node-npmtest-smtp-protocol/lib.npmtest_smtp_protocol.js":{"path":"/home/travis/build/npmtest/node-npmtest-smtp-protocol/lib.npmtest_smtp_protocol.js","s":{"1":2,"2":2,"3":2,"4":2,"5":2,"6":2,"7":2,"8":1,"9":2,"10":2,"11":2,"12":2,"13":1,"14":1,"15":1,"16":1},"b":{"1":[2,1,1,1],"2":[1,1,1,1],"3":[1,1],"4":[2,2],"5":[1,1]},"f":{"1":2,"2":2,"3":2},"fnMap":{"1":{"name":"(anonymous_1)","line":12,"loc":{"start":{"line":12,"column":1},"end":{"line":12,"column":13}}},"2":{"name":"(anonymous_2)","line":19,"loc":{"start":{"line":19,"column":5},"end":{"line":19,"column":17}}},"3":{"name":"(anonymous_3)","line":23,"loc":{"start":{"line":23,"column":24},"end":{"line":23,"column":36}}}},"statementMap":{"1":{"start":{"line":12,"column":0},"end":{"line":53,"column":5}},"2":{"start":{"line":14,"column":4},"end":{"line":14,"column":14}},"3":{"start":{"line":19,"column":4},"end":{"line":52,"column":9}},"4":{"start":{"line":21,"column":8},"end":{"line":21,"column":19}},"5":{"start":{"line":23,"column":8},"end":{"line":35,"column":13}},"6":{"start":{"line":24,"column":12},"end":{"line":34,"column":13}},"7":{"start":{"line":25,"column":16},"end":{"line":28,"column":30}},"8":{"start":{"line":30,"column":16},"end":{"line":33,"column":27}},"9":{"start":{"line":37,"column":8},"end":{"line":39,"column":21}},"10":{"start":{"line":41,"column":8},"end":{"line":41,"column":54}},"11":{"start":{"line":43,"column":8},"end":{"line":43,"column":58}},"12":{"start":{"line":45,"column":8},"end":{"line":51,"column":9}},"13":{"start":{"line":46,"column":12},"end":{"line":46,"column":64}},"14":{"start":{"line":48,"column":12},"end":{"line":48,"column":35}},"15":{"start":{"line":49,"column":12},"end":{"line":49,"column":49}},"16":{"start":{"line":50,"column":12},"end":{"line":50,"column":43}}},"branchMap":{"1":{"line":25,"type":"binary-expr","locations":[{"start":{"line":25,"column":23},"end":{"line":25,"column":62}},{"start":{"line":26,"column":20},"end":{"line":26,"column":70}},{"start":{"line":27,"column":20},"end":{"line":27,"column":71}},{"start":{"line":28,"column":20},"end":{"line":28,"column":29}}]},"2":{"line":30,"type":"binary-expr","locations":[{"start":{"line":30,"column":23},"end":{"line":30,"column":37}},{"start":{"line":31,"column":20},"end":{"line":31,"column":61}},{"start":{"line":32,"column":20},"end":{"line":32,"column":70}},{"start":{"line":33,"column":20},"end":{"line":33,"column":26}}]},"3":{"line":37,"type":"cond-expr","locations":[{"start":{"line":38,"column":14},"end":{"line":38,"column":20}},{"start":{"line":39,"column":14},"end":{"line":39,"column":20}}]},"4":{"line":41,"type":"binary-expr","locations":[{"start":{"line":41,"column":16},"end":{"line":41,"column":44}},{"start":{"line":41,"column":48},"end":{"line":41,"column":53}}]},"5":{"line":45,"type":"if","locations":[{"start":{"line":45,"column":8},"end":{"line":45,"column":8}},{"start":{"line":45,"column":8},"end":{"line":45,"column":8}}]}},"code":["/* istanbul instrument in package npmtest_smtp_protocol */","/*jslint","    bitwise: true,","    browser: true,","    maxerr: 8,","    maxlen: 96,","    node: true,","    nomen: true,","    regexp: true,","    stupid: true","*/","(function () {","    'use strict';","    var local;","","","","    // run shared js-env code - pre-init","    (function () {","        // init local","        local = {};","        // init modeJs","        local.modeJs = (function () {","            try {","                return typeof navigator.userAgent === 'string' &&","                    typeof document.querySelector('body') === 'object' &&","                    typeof XMLHttpRequest.prototype.open === 'function' &&","                    'browser';","            } catch (errorCaughtBrowser) {","                return module.exports &&","                    typeof process.versions.node === 'string' &&","                    typeof require('http').createServer === 'function' &&","                    'node';","            }","        }());","        // init global","        local.global = local.modeJs === 'browser'","            ? window","            : global;","        // init utility2_rollup","        local = local.global.utility2_rollup || local;","        // init lib","        local.local = local.npmtest_smtp_protocol = local;","        // init exports","        if (local.modeJs === 'browser') {","            local.global.utility2_npmtest_smtp_protocol = local;","        } else {","            module.exports = local;","            module.exports.__dirname = __dirname;","            module.exports.module = module;","        }","    }());","}());",""],"l":{"12":2,"14":2,"19":2,"21":2,"23":2,"24":2,"25":2,"30":1,"37":2,"41":2,"43":2,"45":2,"46":1,"48":1,"49":1,"50":1}},"/home/travis/build/npmtest/node-npmtest-smtp-protocol/example.js":{"path":"/home/travis/build/npmtest/node-npmtest-smtp-protocol/example.js","s":{"1":2,"2":2,"3":2,"4":2,"5":2,"6":2,"7":2,"8":1,"9":2,"10":2,"11":2,"12":2,"13":1,"14":2,"15":2,"16":2,"17":2,"18":2,"19":0,"20":2,"21":1,"22":1,"23":1,"24":1,"25":1,"26":0,"27":0,"28":1,"29":1,"30":2,"31":0,"32":0,"33":0,"34":1,"35":2,"36":2,"37":3,"38":3,"39":3,"40":3,"41":0,"42":3,"43":3,"44":3,"45":1,"46":3,"47":1,"48":1,"49":1,"50":1,"51":1,"52":1,"53":1,"54":1,"55":1,"56":1,"57":0,"58":1,"59":6,"60":6,"61":1,"62":2,"63":0,"64":2,"65":1,"66":1,"67":0,"68":0,"69":0,"70":0,"71":0,"72":0,"73":0,"74":0,"75":0,"76":0,"77":0,"78":0,"79":0,"80":0,"81":0,"82":0,"83":0},"b":{"1":[2,1,1,1],"2":[1,1,1,1],"3":[1,1],"4":[2,2],"5":[1,1],"6":[1,1],"7":[2,0],"8":[2,1,1,1,1,1],"9":[0,2,0],"10":[1,1],"11":[2,1,1],"12":[1,0],"13":[0,2],"14":[2,0,0,0,0,0,0],"15":[0,3],"16":[3,0],"17":[1,1],"18":[0,1],"19":[1,2,0,2],"20":[1,0],"21":[1,1],"22":[0,0],"23":[0,0],"24":[0,0],"25":[0,0],"26":[0,0],"27":[0,0],"28":[0,0]},"f":{"1":2,"2":2,"3":2,"4":2,"5":2,"6":2,"7":3,"8":3,"9":3,"10":1,"11":6,"12":0},"fnMap":{"1":{"name":"(anonymous_1)","line":26,"loc":{"start":{"line":26,"column":1},"end":{"line":26,"column":13}}},"2":{"name":"(anonymous_2)","line":33,"loc":{"start":{"line":33,"column":5},"end":{"line":33,"column":17}}},"3":{"name":"(anonymous_3)","line":37,"loc":{"start":{"line":37,"column":24},"end":{"line":37,"column":36}}},"4":{"name":"(anonymous_4)","line":69,"loc":{"start":{"line":69,"column":31},"end":{"line":69,"column":48}},"skip":true},"5":{"name":"(anonymous_5)","line":78,"loc":{"start":{"line":78,"column":26},"end":{"line":78,"column":45}},"skip":true},"6":{"name":"(anonymous_6)","line":123,"loc":{"start":{"line":123,"column":33},"end":{"line":123,"column":48}},"skip":true},"7":{"name":"(anonymous_7)","line":125,"loc":{"start":{"line":125,"column":27},"end":{"line":125,"column":39}},"skip":true},"8":{"name":"(anonymous_8)","line":133,"loc":{"start":{"line":133,"column":59},"end":{"line":133,"column":74}},"skip":true},"9":{"name":"(anonymous_9)","line":143,"loc":{"start":{"line":143,"column":45},"end":{"line":143,"column":62}},"skip":true},"10":{"name":"(anonymous_10)","line":144,"loc":{"start":{"line":144,"column":73},"end":{"line":144,"column":92}},"skip":true},"11":{"name":"(anonymous_11)","line":272,"loc":{"start":{"line":272,"column":51},"end":{"line":272,"column":77}},"skip":true},"12":{"name":"(anonymous_12)","line":315,"loc":{"start":{"line":315,"column":32},"end":{"line":315,"column":61}},"skip":true}},"statementMap":{"1":{"start":{"line":26,"column":0},"end":{"line":326,"column":5}},"2":{"start":{"line":28,"column":4},"end":{"line":28,"column":14}},"3":{"start":{"line":33,"column":4},"end":{"line":60,"column":9}},"4":{"start":{"line":35,"column":8},"end":{"line":35,"column":19}},"5":{"start":{"line":37,"column":8},"end":{"line":49,"column":13}},"6":{"start":{"line":38,"column":12},"end":{"line":48,"column":13}},"7":{"start":{"line":39,"column":16},"end":{"line":42,"column":30}},"8":{"start":{"line":44,"column":16},"end":{"line":47,"column":27}},"9":{"start":{"line":51,"column":8},"end":{"line":53,"column":21}},"10":{"start":{"line":55,"column":8},"end":{"line":57,"column":45}},"11":{"start":{"line":59,"column":8},"end":{"line":59,"column":35}},"12":{"start":{"line":61,"column":4},"end":{"line":325,"column":5}},"13":{"start":{"line":69,"column":8},"end":{"line":121,"column":10},"skip":true},"14":{"start":{"line":70,"column":12},"end":{"line":88,"column":13},"skip":true},"15":{"start":{"line":76,"column":16},"end":{"line":87,"column":19},"skip":true},"16":{"start":{"line":79,"column":20},"end":{"line":86,"column":21},"skip":true},"17":{"start":{"line":82,"column":24},"end":{"line":82,"column":43},"skip":true},"18":{"start":{"line":83,"column":24},"end":{"line":83,"column":30},"skip":true},"19":{"start":{"line":85,"column":24},"end":{"line":85,"column":49},"skip":true},"20":{"start":{"line":89,"column":12},"end":{"line":107,"column":13},"skip":true},"21":{"start":{"line":92,"column":16},"end":{"line":102,"column":17},"skip":true},"22":{"start":{"line":93,"column":20},"end":{"line":93,"column":86},"skip":true},"23":{"start":{"line":94,"column":20},"end":{"line":95,"column":45},"skip":true},"24":{"start":{"line":96,"column":20},"end":{"line":96,"column":42},"skip":true},"25":{"start":{"line":97,"column":20},"end":{"line":97,"column":48},"skip":true},"26":{"start":{"line":100,"column":20},"end":{"line":100,"column":85},"skip":true},"27":{"start":{"line":101,"column":20},"end":{"line":101,"column":96},"skip":true},"28":{"start":{"line":103,"column":16},"end":{"line":103,"column":22},"skip":true},"29":{"start":{"line":106,"column":16},"end":{"line":106,"column":22},"skip":true},"30":{"start":{"line":108,"column":12},"end":{"line":120,"column":13},"skip":true},"31":{"start":{"line":114,"column":16},"end":{"line":119,"column":17},"skip":true},"32":{"start":{"line":116,"column":20},"end":{"line":116,"column":78},"skip":true},"33":{"start":{"line":118,"column":20},"end":{"line":118,"column":47},"skip":true},"34":{"start":{"line":123,"column":8},"end":{"line":141,"column":11},"skip":true},"35":{"start":{"line":124,"column":12},"end":{"line":124,"column":54},"skip":true},"36":{"start":{"line":125,"column":12},"end":{"line":140,"column":14},"skip":true},"37":{"start":{"line":126,"column":16},"end":{"line":126,"column":28},"skip":true},"38":{"start":{"line":127,"column":16},"end":{"line":127,"column":69},"skip":true},"39":{"start":{"line":128,"column":16},"end":{"line":128,"column":75},"skip":true},"40":{"start":{"line":129,"column":16},"end":{"line":131,"column":17},"skip":true},"41":{"start":{"line":130,"column":20},"end":{"line":130,"column":27},"skip":true},"42":{"start":{"line":133,"column":16},"end":{"line":137,"column":36},"skip":true},"43":{"start":{"line":134,"column":20},"end":{"line":136,"column":55},"skip":true},"44":{"start":{"line":139,"column":16},"end":{"line":139,"column":57},"skip":true},"45":{"start":{"line":143,"column":8},"end":{"line":147,"column":11},"skip":true},"46":{"start":{"line":144,"column":12},"end":{"line":146,"column":15},"skip":true},"47":{"start":{"line":145,"column":16},"end":{"line":145,"column":70},"skip":true},"48":{"start":{"line":149,"column":8},"end":{"line":149,"column":31},"skip":true},"49":{"start":{"line":150,"column":8},"end":{"line":150,"column":14},"skip":true},"50":{"start":{"line":158,"column":8},"end":{"line":158,"column":31},"skip":true},"51":{"start":{"line":160,"column":8},"end":{"line":160,"column":33},"skip":true},"52":{"start":{"line":161,"column":8},"end":{"line":161,"column":37},"skip":true},"53":{"start":{"line":162,"column":8},"end":{"line":162,"column":35},"skip":true},"54":{"start":{"line":164,"column":8},"end":{"line":164,"column":50},"skip":true},"55":{"start":{"line":166,"column":8},"end":{"line":256,"column":2},"skip":true},"56":{"start":{"line":258,"column":8},"end":{"line":286,"column":9},"skip":true},"57":{"start":{"line":259,"column":12},"end":{"line":269,"column":14},"skip":true},"58":{"start":{"line":271,"column":12},"end":{"line":285,"column":19},"skip":true},"59":{"start":{"line":274,"column":20},"end":{"line":274,"column":35},"skip":true},"60":{"start":{"line":275,"column":20},"end":{"line":284,"column":21},"skip":true},"61":{"start":{"line":277,"column":24},"end":{"line":277,"column":64},"skip":true},"62":{"start":{"line":279,"column":24},"end":{"line":279,"column":40},"skip":true},"63":{"start":{"line":281,"column":24},"end":{"line":281,"column":40},"skip":true},"64":{"start":{"line":283,"column":24},"end":{"line":283,"column":39},"skip":true},"65":{"start":{"line":288,"column":8},"end":{"line":290,"column":9},"skip":true},"66":{"start":{"line":289,"column":12},"end":{"line":289,"column":18},"skip":true},"67":{"start":{"line":291,"column":8},"end":{"line":293,"column":54},"skip":true},"68":{"start":{"line":296,"column":8},"end":{"line":301,"column":37},"skip":true},"69":{"start":{"line":303,"column":8},"end":{"line":303,"column":82},"skip":true},"70":{"start":{"line":306,"column":8},"end":{"line":308,"column":9},"skip":true},"71":{"start":{"line":307,"column":12},"end":{"line":307,"column":82},"skip":true},"72":{"start":{"line":310,"column":8},"end":{"line":312,"column":9},"skip":true},"73":{"start":{"line":311,"column":12},"end":{"line":311,"column":18},"skip":true},"74":{"start":{"line":313,"column":8},"end":{"line":313,"column":54},"skip":true},"75":{"start":{"line":314,"column":8},"end":{"line":314,"column":69},"skip":true},"76":{"start":{"line":315,"column":8},"end":{"line":323,"column":36},"skip":true},"77":{"start":{"line":316,"column":12},"end":{"line":316,"column":61},"skip":true},"78":{"start":{"line":317,"column":12},"end":{"line":320,"column":13},"skip":true},"79":{"start":{"line":318,"column":16},"end":{"line":318,"column":75},"skip":true},"80":{"start":{"line":319,"column":16},"end":{"line":319,"column":23},"skip":true},"81":{"start":{"line":321,"column":12},"end":{"line":321,"column":38},"skip":true},"82":{"start":{"line":322,"column":12},"end":{"line":322,"column":27},"skip":true},"83":{"start":{"line":324,"column":8},"end":{"line":324,"column":14},"skip":true}},"branchMap":{"1":{"line":39,"type":"binary-expr","locations":[{"start":{"line":39,"column":23},"end":{"line":39,"column":62}},{"start":{"line":40,"column":20},"end":{"line":40,"column":70}},{"start":{"line":41,"column":20},"end":{"line":41,"column":71}},{"start":{"line":42,"column":20},"end":{"line":42,"column":29}}]},"2":{"line":44,"type":"binary-expr","locations":[{"start":{"line":44,"column":23},"end":{"line":44,"column":37}},{"start":{"line":45,"column":20},"end":{"line":45,"column":61}},{"start":{"line":46,"column":20},"end":{"line":46,"column":70}},{"start":{"line":47,"column":20},"end":{"line":47,"column":26}}]},"3":{"line":51,"type":"cond-expr","locations":[{"start":{"line":52,"column":14},"end":{"line":52,"column":20}},{"start":{"line":53,"column":14},"end":{"line":53,"column":20}}]},"4":{"line":55,"type":"binary-expr","locations":[{"start":{"line":55,"column":16},"end":{"line":55,"column":44}},{"start":{"line":55,"column":49},"end":{"line":57,"column":43}}]},"5":{"line":55,"type":"cond-expr","locations":[{"start":{"line":56,"column":14},"end":{"line":56,"column":57}},{"start":{"line":57,"column":14},"end":{"line":57,"column":43}}]},"6":{"line":61,"type":"switch","locations":[{"start":{"line":68,"column":4},"end":{"line":150,"column":14},"skip":true},{"start":{"line":156,"column":4},"end":{"line":324,"column":14},"skip":true}]},"7":{"line":70,"type":"if","locations":[{"start":{"line":70,"column":12},"end":{"line":70,"column":12},"skip":true},{"start":{"line":70,"column":12},"end":{"line":70,"column":12},"skip":true}]},"8":{"line":70,"type":"binary-expr","locations":[{"start":{"line":70,"column":16},"end":{"line":70,"column":22},"skip":true},{"start":{"line":70,"column":27},"end":{"line":70,"column":32},"skip":true},{"start":{"line":71,"column":20},"end":{"line":71,"column":39},"skip":true},{"start":{"line":72,"column":20},"end":{"line":72,"column":49},"skip":true},{"start":{"line":73,"column":20},"end":{"line":73,"column":58},"skip":true},{"start":{"line":74,"column":20},"end":{"line":74,"column":69},"skip":true}]},"9":{"line":79,"type":"switch","locations":[{"start":{"line":80,"column":20},"end":{"line":80,"column":33},"skip":true},{"start":{"line":81,"column":20},"end":{"line":83,"column":30},"skip":true},{"start":{"line":84,"column":20},"end":{"line":85,"column":49},"skip":true}]},"10":{"line":89,"type":"switch","locations":[{"start":{"line":90,"column":12},"end":{"line":103,"column":22},"skip":true},{"start":{"line":105,"column":12},"end":{"line":106,"column":22},"skip":true}]},"11":{"line":89,"type":"binary-expr","locations":[{"start":{"line":89,"column":20},"end":{"line":89,"column":25},"skip":true},{"start":{"line":89,"column":29},"end":{"line":89,"column":48},"skip":true},{"start":{"line":89,"column":52},"end":{"line":89,"column":74},"skip":true}]},"12":{"line":92,"type":"if","locations":[{"start":{"line":92,"column":16},"end":{"line":92,"column":16},"skip":true},{"start":{"line":92,"column":16},"end":{"line":92,"column":16},"skip":true}]},"13":{"line":108,"type":"if","locations":[{"start":{"line":108,"column":12},"end":{"line":108,"column":12},"skip":true},{"start":{"line":108,"column":12},"end":{"line":108,"column":12},"skip":true}]},"14":{"line":108,"type":"binary-expr","locations":[{"start":{"line":108,"column":16},"end":{"line":108,"column":61},"skip":true},{"start":{"line":108,"column":66},"end":{"line":108,"column":72},"skip":true},{"start":{"line":108,"column":77},"end":{"line":108,"column":82},"skip":true},{"start":{"line":109,"column":20},"end":{"line":109,"column":39},"skip":true},{"start":{"line":110,"column":20},"end":{"line":110,"column":49},"skip":true},{"start":{"line":111,"column":20},"end":{"line":111,"column":58},"skip":true},{"start":{"line":112,"column":20},"end":{"line":112,"column":68},"skip":true}]},"15":{"line":129,"type":"if","locations":[{"start":{"line":129,"column":16},"end":{"line":129,"column":16},"skip":true},{"start":{"line":129,"column":16},"end":{"line":129,"column":16},"skip":true}]},"16":{"line":134,"type":"cond-expr","locations":[{"start":{"line":135,"column":26},"end":{"line":135,"column":29},"skip":true},{"start":{"line":136,"column":26},"end":{"line":136,"column":54},"skip":true}]},"17":{"line":164,"type":"binary-expr","locations":[{"start":{"line":164,"column":27},"end":{"line":164,"column":43},"skip":true},{"start":{"line":164,"column":47},"end":{"line":164,"column":49},"skip":true}]},"18":{"line":258,"type":"if","locations":[{"start":{"line":258,"column":8},"end":{"line":258,"column":8},"skip":true},{"start":{"line":258,"column":8},"end":{"line":258,"column":8},"skip":true}]},"19":{"line":275,"type":"switch","locations":[{"start":{"line":276,"column":20},"end":{"line":277,"column":64},"skip":true},{"start":{"line":278,"column":20},"end":{"line":279,"column":40},"skip":true},{"start":{"line":280,"column":20},"end":{"line":281,"column":40},"skip":true},{"start":{"line":282,"column":20},"end":{"line":283,"column":39},"skip":true}]},"20":{"line":288,"type":"if","locations":[{"start":{"line":288,"column":8},"end":{"line":288,"column":8},"skip":true},{"start":{"line":288,"column":8},"end":{"line":288,"column":8},"skip":true}]},"21":{"line":288,"type":"binary-expr","locations":[{"start":{"line":288,"column":12},"end":{"line":288,"column":40},"skip":true},{"start":{"line":288,"column":44},"end":{"line":288,"column":67},"skip":true}]},"22":{"line":292,"type":"binary-expr","locations":[{"start":{"line":292,"column":12},"end":{"line":292,"column":50},"skip":true},{"start":{"line":293,"column":12},"end":{"line":293,"column":53},"skip":true}]},"23":{"line":297,"type":"binary-expr","locations":[{"start":{"line":297,"column":12},"end":{"line":297,"column":71},"skip":true},{"start":{"line":298,"column":12},"end":{"line":301,"column":36},"skip":true}]},"24":{"line":303,"type":"binary-expr","locations":[{"start":{"line":303,"column":43},"end":{"line":303,"column":75},"skip":true},{"start":{"line":303,"column":79},"end":{"line":303,"column":81},"skip":true}]},"25":{"line":306,"type":"if","locations":[{"start":{"line":306,"column":8},"end":{"line":306,"column":8},"skip":true},{"start":{"line":306,"column":8},"end":{"line":306,"column":8},"skip":true}]},"26":{"line":310,"type":"if","locations":[{"start":{"line":310,"column":8},"end":{"line":310,"column":8},"skip":true},{"start":{"line":310,"column":8},"end":{"line":310,"column":8},"skip":true}]},"27":{"line":313,"type":"binary-expr","locations":[{"start":{"line":313,"column":27},"end":{"line":313,"column":43},"skip":true},{"start":{"line":313,"column":47},"end":{"line":313,"column":53},"skip":true}]},"28":{"line":317,"type":"if","locations":[{"start":{"line":317,"column":12},"end":{"line":317,"column":12},"skip":true},{"start":{"line":317,"column":12},"end":{"line":317,"column":12},"skip":true}]}},"code":["/*","example.js","","quickstart example","","instruction","    1. save this script as example.js","    2. run the shell command:","        $ npm install npmtest-smtp-protocol && PORT=8081 node example.js","    3. play with the browser-demo on http://127.0.0.1:8081","*/","","","","/* istanbul instrument in package npmtest_smtp_protocol */","/*jslint","    bitwise: true,","    browser: true,","    maxerr: 8,","    maxlen: 96,","    node: true,","    nomen: true,","    regexp: true,","    stupid: true","*/","(function () {","    'use strict';","    var local;","","","","    // run shared js-env code - pre-init","    (function () {","        // init local","        local = {};","        // init modeJs","        local.modeJs = (function () {","            try {","                return typeof navigator.userAgent === 'string' &&","                    typeof document.querySelector('body') === 'object' &&","                    typeof XMLHttpRequest.prototype.open === 'function' &&","                    'browser';","            } catch (errorCaughtBrowser) {","                return module.exports &&","                    typeof process.versions.node === 'string' &&","                    typeof require('http').createServer === 'function' &&","                    'node';","            }","        }());","        // init global","        local.global = local.modeJs === 'browser'","            ? window","            : global;","        // init utility2_rollup","        local = local.global.utility2_rollup || (local.modeJs === 'browser'","            ? local.global.utility2_npmtest_smtp_protocol","            : global.utility2_moduleExports);","        // export local","        local.global.local = local;","    }());","    switch (local.modeJs) {","","","","    // post-init","    // run browser js-env code - post-init","    /* istanbul ignore next */","    case 'browser':","        local.testRunBrowser = function (event) {","            if (!event || (event &&","                    event.currentTarget &&","                    event.currentTarget.className &&","                    event.currentTarget.className.includes &&","                    event.currentTarget.className.includes('onreset'))) {","                // reset output","                Array.from(","                    document.querySelectorAll('body > .resettable')","                ).forEach(function (element) {","                    switch (element.tagName) {","                    case 'INPUT':","                    case 'TEXTAREA':","                        element.value = '';","                        break;","                    default:","                        element.textContent = '';","                    }","                });","            }","            switch (event && event.currentTarget && event.currentTarget.id) {","            case 'testRunButton1':","                // show tests","                if (document.querySelector('#testReportDiv1').style.display === 'none') {","                    document.querySelector('#testReportDiv1').style.display = 'block';","                    document.querySelector('#testRunButton1').textContent =","                        'hide internal test';","                    local.modeTest = true;","                    local.testRunDefault(local);","                // hide tests","                } else {","                    document.querySelector('#testReportDiv1').style.display = 'none';","                    document.querySelector('#testRunButton1').textContent = 'run internal test';","                }","                break;","            // custom-case","            default:","                break;","            }","            if (document.querySelector('#inputTextareaEval1') && (!event || (event &&","                    event.currentTarget &&","                    event.currentTarget.className &&","                    event.currentTarget.className.includes &&","                    event.currentTarget.className.includes('oneval')))) {","                // try to eval input-code","                try {","                    /*jslint evil: true*/","                    eval(document.querySelector('#inputTextareaEval1').value);","                } catch (errorCaught) {","                    console.error(errorCaught);","                }","            }","        };","        // log stderr and stdout to #outputTextareaStdout1","        ['error', 'log'].forEach(function (key) {","            console[key + '_original'] = console[key];","            console[key] = function () {","                var element;","                console[key + '_original'].apply(console, arguments);","                element = document.querySelector('#outputTextareaStdout1');","                if (!element) {","                    return;","                }","                // append text to #outputTextareaStdout1","                element.value += Array.from(arguments).map(function (arg) {","                    return typeof arg === 'string'","                        ? arg","                        : JSON.stringify(arg, null, 4);","                }).join(' ') + '\\n';","                // scroll textarea to bottom","                element.scrollTop = element.scrollHeight;","            };","        });","        // init event-handling","        ['change', 'click', 'keyup'].forEach(function (event) {","            Array.from(document.querySelectorAll('.on' + event)).forEach(function (element) {","                element.addEventListener(event, local.testRunBrowser);","            });","        });","        // run tests","        local.testRunBrowser();","        break;","","","","    // run node js-env code - post-init","    /* istanbul ignore next */","    case 'node':","        // export local","        module.exports = local;","        // require modules","        local.fs = require('fs');","        local.http = require('http');","        local.url = require('url');","        // init assets","        local.assetsDict = local.assetsDict || {};","        /* jslint-ignore-begin */","        local.assetsDict['/assets.index.template.html'] = '\\","<!doctype html>\\n\\","<html lang=\"en\">\\n\\","<head>\\n\\","<meta charset=\"UTF-8\">\\n\\","<meta name=\"viewport\" content=\"width=device-width, initial-scale=1\">\\n\\","<title>{{env.npm_package_name}} (v{{env.npm_package_version}})</title>\\n\\","<style>\\n\\","/*csslint\\n\\","    box-sizing: false,\\n\\","    universal-selector: false\\n\\","*/\\n\\","* {\\n\\","    box-sizing: border-box;\\n\\","}\\n\\","body {\\n\\","    background: #dde;\\n\\","    font-family: Arial, Helvetica, sans-serif;\\n\\","    margin: 2rem;\\n\\","}\\n\\","body > * {\\n\\","    margin-bottom: 1rem;\\n\\","}\\n\\",".utility2FooterDiv {\\n\\","    margin-top: 20px;\\n\\","    text-align: center;\\n\\","}\\n\\","</style>\\n\\","<style>\\n\\","/*csslint\\n\\","*/\\n\\","textarea {\\n\\","    font-family: monospace;\\n\\","    height: 10rem;\\n\\","    width: 100%;\\n\\","}\\n\\","textarea[readonly] {\\n\\","    background: #ddd;\\n\\","}\\n\\","</style>\\n\\","</head>\\n\\","<body>\\n\\","<!-- utility2-comment\\n\\","<div id=\"ajaxProgressDiv1\" style=\"background: #d00; height: 2px; left: 0; margin: 0; padding: 0; position: fixed; top: 0; transition: background 0.5s, width 1.5s; width: 25%;\"></div>\\n\\","utility2-comment -->\\n\\","<h1>\\n\\","<!-- utility2-comment\\n\\","    <a\\n\\","        {{#if env.npm_package_homepage}}\\n\\","        href=\"{{env.npm_package_homepage}}\"\\n\\","        {{/if env.npm_package_homepage}}\\n\\","        target=\"_blank\"\\n\\","    >\\n\\","utility2-comment -->\\n\\","        {{env.npm_package_name}} (v{{env.npm_package_version}})\\n\\","<!-- utility2-comment\\n\\","    </a>\\n\\","utility2-comment -->\\n\\","</h1>\\n\\","<h3>{{env.npm_package_description}}</h3>\\n\\","<!-- utility2-comment\\n\\","<h4><a download href=\"assets.app.js\">download standalone app</a></h4>\\n\\","<button class=\"onclick onreset\" id=\"testRunButton1\">run internal test</button><br>\\n\\","<div id=\"testReportDiv1\" style=\"display: none;\"></div>\\n\\","utility2-comment -->\\n\\","\\n\\","\\n\\","\\n\\","<label>stderr and stdout</label>\\n\\","<textarea class=\"resettable\" id=\"outputTextareaStdout1\" readonly></textarea>\\n\\","<!-- utility2-comment\\n\\","{{#if isRollup}}\\n\\","<script src=\"assets.app.js\"></script>\\n\\","{{#unless isRollup}}\\n\\","utility2-comment -->\\n\\","<script src=\"assets.utility2.rollup.js\"></script>\\n\\","<script src=\"jsonp.utility2._stateInit?callback=window.utility2._stateInit\"></script>\\n\\","<script src=\"assets.npmtest_smtp_protocol.rollup.js\"></script>\\n\\","<script src=\"assets.example.js\"></script>\\n\\","<script src=\"assets.test.js\"></script>\\n\\","<!-- utility2-comment\\n\\","{{/if isRollup}}\\n\\","utility2-comment -->\\n\\","<div class=\"utility2FooterDiv\">\\n\\","    [ this app was created with\\n\\","    <a href=\"https://github.com/kaizhu256/node-utility2\" target=\"_blank\">utility2</a>\\n\\","    ]\\n\\","</div>\\n\\","</body>\\n\\","</html>\\n\\","';","        /* jslint-ignore-end */","        if (local.templateRender) {","            local.assetsDict['/'] = local.templateRender(","                local.assetsDict['/assets.index.template.html'],","                {","                    env: local.objectSetDefault(local.env, {","                        npm_package_description: 'the greatest app in the world!',","                        npm_package_name: 'my-app',","                        npm_package_nameAlias: 'my_app',","                        npm_package_version: '0.0.1'","                    })","                }","            );","        } else {","            local.assetsDict['/'] = local.assetsDict['/assets.index.template.html']","                .replace((/\\{\\{env\\.(\\w+?)\\}\\}/g), function (match0, match1) {","                    // jslint-hack","                    String(match0);","                    switch (match1) {","                    case 'npm_package_description':","                        return 'the greatest app in the world!';","                    case 'npm_package_name':","                        return 'my-app';","                    case 'npm_package_nameAlias':","                        return 'my_app';","                    case 'npm_package_version':","                        return '0.0.1';","                    }","                });","        }","        // run the cli","        if (local.global.utility2_rollup || module !== require.main) {","            break;","        }","        local.assetsDict['/assets.example.js'] =","            local.assetsDict['/assets.example.js'] ||","            local.fs.readFileSync(__filename, 'utf8');","        // bug-workaround - long $npm_package_buildCustomOrg","        /* jslint-ignore-begin */","        local.assetsDict['/assets.npmtest_smtp_protocol.rollup.js'] =","            local.assetsDict['/assets.npmtest_smtp_protocol.rollup.js'] ||","            local.fs.readFileSync(","                local.npmtest_smtp_protocol.__dirname + '/lib.npmtest_smtp_protocol.js',","                'utf8'","            ).replace((/^#!/), '//');","        /* jslint-ignore-end */","        local.assetsDict['/favicon.ico'] = local.assetsDict['/favicon.ico'] || '';","        // if $npm_config_timeout_exit exists,","        // then exit this process after $npm_config_timeout_exit ms","        if (Number(process.env.npm_config_timeout_exit)) {","            setTimeout(process.exit, Number(process.env.npm_config_timeout_exit));","        }","        // start server","        if (local.global.utility2_serverHttp1) {","            break;","        }","        process.env.PORT = process.env.PORT || '8081';","        console.error('server starting on port ' + process.env.PORT);","        local.http.createServer(function (request, response) {","            request.urlParsed = local.url.parse(request.url);","            if (local.assetsDict[request.urlParsed.pathname] !== undefined) {","                response.end(local.assetsDict[request.urlParsed.pathname]);","                return;","            }","            response.statusCode = 404;","            response.end();","        }).listen(process.env.PORT);","        break;","    }","}());",""],"l":{"26":2,"28":2,"33":2,"35":2,"37":2,"38":2,"39":2,"44":1,"51":2,"55":2,"59":2,"61":2,"69":1,"70":2,"76":2,"79":2,"82":2,"83":2,"85":1,"89":2,"92":1,"93":1,"94":1,"96":1,"97":1,"100":1,"101":1,"103":1,"106":1,"108":2,"114":1,"116":1,"118":1,"123":1,"124":2,"125":2,"126":3,"127":3,"128":3,"129":3,"130":1,"133":3,"134":3,"139":3,"143":1,"144":3,"145":1,"149":1,"150":1,"158":1,"160":1,"161":1,"162":1,"164":1,"166":1,"258":1,"259":1,"271":1,"274":6,"275":6,"277":1,"279":2,"281":1,"283":2,"288":1,"289":1,"291":1,"296":1,"303":1,"306":1,"307":1,"310":1,"311":1,"313":1,"314":1,"315":1,"316":1,"317":1,"318":1,"319":1,"321":1,"322":1,"324":1}},"/home/travis/build/npmtest/node-npmtest-smtp-protocol/node_modules/smtp-protocol/index.js":{"path":"/home/travis/build/npmtest/node-npmtest-smtp-protocol/node_modules/smtp-protocol/index.js","s":{"1":1,"2":1,"3":1,"4":1,"5":0,"6":0,"7":0,"8":0,"9":0,"10":0,"11":0,"12":0,"13":0,"14":0,"15":0,"16":0,"17":0,"18":0,"19":0,"20":0,"21":0,"22":0,"23":0,"24":0,"25":0,"26":0,"27":0,"28":0,"29":0,"30":0,"31":0,"32":0,"33":0,"34":0,"35":0,"36":0,"37":0,"38":0,"39":0,"40":1,"41":0,"42":0,"43":0,"44":0,"45":0,"46":0,"47":0,"48":0,"49":0,"50":0,"51":0,"52":0,"53":0,"54":0,"55":0,"56":0,"57":0,"58":0,"59":0,"60":0,"61":0,"62":0,"63":0,"64":0,"65":0,"66":0,"67":0,"68":1,"69":0,"70":0,"71":0,"72":0,"73":0,"74":0,"75":0,"76":0,"77":0,"78":0},"b":{"1":[0,0],"2":[0,0],"3":[0,0],"4":[0,0],"5":[0,0],"6":[0,0],"7":[0,0],"8":[0,0],"9":[0,0],"10":[0,0],"11":[0,0],"12":[0,0],"13":[0,0],"14":[0,0,0],"15":[0,0],"16":[0,0],"17":[0,0],"18":[0,0],"19":[0,0],"20":[0,0]},"f":{"1":0,"2":0,"3":0,"4":0,"5":0,"6":0,"7":0,"8":0,"9":0,"10":0,"11":0,"12":0,"13":0,"14":0,"15":0,"16":0},"fnMap":{"1":{"name":"(anonymous_1)","line":9,"loc":{"start":{"line":9,"column":23},"end":{"line":9,"column":43}}},"2":{"name":"(anonymous_2)","line":21,"loc":{"start":{"line":21,"column":35},"end":{"line":21,"column":53}}},"3":{"name":"(anonymous_3)","line":25,"loc":{"start":{"line":25,"column":24},"end":{"line":25,"column":36}}},"4":{"name":"(anonymous_4)","line":26,"loc":{"start":{"line":26,"column":27},"end":{"line":26,"column":42}}},"5":{"name":"(anonymous_5)","line":28,"loc":{"start":{"line":28,"column":27},"end":{"line":28,"column":50}}},"6":{"name":"(anonymous_6)","line":37,"loc":{"start":{"line":37,"column":43},"end":{"line":37,"column":55}}},"7":{"name":"(anonymous_7)","line":39,"loc":{"start":{"line":39,"column":30},"end":{"line":39,"column":45}}},"8":{"name":"(anonymous_8)","line":45,"loc":{"start":{"line":45,"column":43},"end":{"line":45,"column":58}}},"9":{"name":"(anonymous_9)","line":50,"loc":{"start":{"line":50,"column":31},"end":{"line":50,"column":43}}},"10":{"name":"(anonymous_10)","line":58,"loc":{"start":{"line":58,"column":18},"end":{"line":58,"column":30}}},"11":{"name":"(anonymous_11)","line":59,"loc":{"start":{"line":59,"column":47},"end":{"line":59,"column":67}}},"12":{"name":"(anonymous_12)","line":77,"loc":{"start":{"line":77,"column":66},"end":{"line":77,"column":78}}},"13":{"name":"(anonymous_13)","line":87,"loc":{"start":{"line":87,"column":25},"end":{"line":87,"column":39}}},"14":{"name":"(anonymous_14)","line":91,"loc":{"start":{"line":91,"column":25},"end":{"line":91,"column":37}}},"15":{"name":"done","line":98,"loc":{"start":{"line":98,"column":12},"end":{"line":98,"column":29}}},"16":{"name":"(anonymous_16)","line":112,"loc":{"start":{"line":112,"column":29},"end":{"line":112,"column":41}}}},"statementMap":{"1":{"start":{"line":1,"column":0},"end":{"line":1,"column":25}},"2":{"start":{"line":2,"column":0},"end":{"line":2,"column":25}},"3":{"start":{"line":4,"column":0},"end":{"line":7,"column":2}},"4":{"start":{"line":9,"column":0},"end":{"line":56,"column":2}},"5":{"start":{"line":10,"column":4},"end":{"line":12,"column":5}},"6":{"start":{"line":11,"column":8},"end":{"line":11,"column":32}},"7":{"start":{"line":13,"column":4},"end":{"line":16,"column":5}},"8":{"start":{"line":14,"column":8},"end":{"line":14,"column":18}},"9":{"start":{"line":15,"column":8},"end":{"line":15,"column":18}},"10":{"start":{"line":17,"column":4},"end":{"line":17,"column":25}},"11":{"start":{"line":17,"column":15},"end":{"line":17,"column":25}},"12":{"start":{"line":18,"column":4},"end":{"line":18,"column":34}},"13":{"start":{"line":19,"column":4},"end":{"line":19,"column":33}},"14":{"start":{"line":21,"column":4},"end":{"line":55,"column":7}},"15":{"start":{"line":22,"column":8},"end":{"line":22,"column":45}},"16":{"start":{"line":23,"column":8},"end":{"line":23,"column":30}},"17":{"start":{"line":25,"column":8},"end":{"line":25,"column":40}},"18":{"start":{"line":26,"column":8},"end":{"line":26,"column":46}},"19":{"start":{"line":28,"column":8},"end":{"line":53,"column":11}},"20":{"start":{"line":29,"column":12},"end":{"line":33,"column":13}},"21":{"start":{"line":30,"column":16},"end":{"line":30,"column":49}},"22":{"start":{"line":32,"column":16},"end":{"line":32,"column":30}},"23":{"start":{"line":34,"column":12},"end":{"line":34,"column":29}},"24":{"start":{"line":36,"column":12},"end":{"line":36,"column":49}},"25":{"start":{"line":37,"column":12},"end":{"line":42,"column":15}},"26":{"start":{"line":38,"column":16},"end":{"line":38,"column":73}},"27":{"start":{"line":39,"column":16},"end":{"line":39,"column":63}},"28":{"start":{"line":39,"column":47},"end":{"line":39,"column":60}},"29":{"start":{"line":40,"column":16},"end":{"line":40,"column":39}},"30":{"start":{"line":41,"column":16},"end":{"line":41,"column":50}},"31":{"start":{"line":44,"column":12},"end":{"line":44,"column":26}},"32":{"start":{"line":45,"column":12},"end":{"line":49,"column":15}},"33":{"start":{"line":46,"column":16},"end":{"line":46,"column":51}},"34":{"start":{"line":46,"column":34},"end":{"line":46,"column":51}},"35":{"start":{"line":47,"column":16},"end":{"line":47,"column":37}},"36":{"start":{"line":48,"column":16},"end":{"line":48,"column":37}},"37":{"start":{"line":50,"column":12},"end":{"line":52,"column":15}},"38":{"start":{"line":51,"column":16},"end":{"line":51,"column":32}},"39":{"start":{"line":54,"column":8},"end":{"line":54,"column":16}},"40":{"start":{"line":58,"column":0},"end":{"line":118,"column":2}},"41":{"start":{"line":59,"column":4},"end":{"line":62,"column":11}},"42":{"start":{"line":60,"column":8},"end":{"line":60,"column":30}},"43":{"start":{"line":61,"column":8},"end":{"line":61,"column":19}},"44":{"start":{"line":64,"column":4},"end":{"line":64,"column":15}},"45":{"start":{"line":65,"column":4},"end":{"line":65,"column":27}},"46":{"start":{"line":66,"column":4},"end":{"line":66,"column":36}},"47":{"start":{"line":68,"column":4},"end":{"line":68,"column":30}},"48":{"start":{"line":69,"column":4},"end":{"line":69,"column":37}},"49":{"start":{"line":70,"column":4},"end":{"line":70,"column":46}},"50":{"start":{"line":72,"column":4},"end":{"line":115,"column":5}},"51":{"start":{"line":74,"column":8},"end":{"line":74,"column":51}},"52":{"start":{"line":76,"column":9},"end":{"line":115,"column":5}},"53":{"start":{"line":77,"column":8},"end":{"line":105,"column":11}},"54":{"start":{"line":78,"column":12},"end":{"line":78,"column":60}},"55":{"start":{"line":79,"column":12},"end":{"line":79,"column":29}},"56":{"start":{"line":80,"column":12},"end":{"line":83,"column":13}},"57":{"start":{"line":82,"column":16},"end":{"line":82,"column":30}},"58":{"start":{"line":84,"column":12},"end":{"line":84,"column":44}},"59":{"start":{"line":84,"column":31},"end":{"line":84,"column":44}},"60":{"start":{"line":86,"column":12},"end":{"line":95,"column":14}},"61":{"start":{"line":88,"column":20},"end":{"line":88,"column":52}},"62":{"start":{"line":89,"column":20},"end":{"line":89,"column":48}},"63":{"start":{"line":89,"column":41},"end":{"line":89,"column":48}},"64":{"start":{"line":92,"column":20},"end":{"line":92,"column":34}},"65":{"start":{"line":93,"column":20},"end":{"line":93,"column":48}},"66":{"start":{"line":93,"column":41},"end":{"line":93,"column":48}},"67":{"start":{"line":96,"column":12},"end":{"line":96,"column":39}},"68":{"start":{"line":98,"column":12},"end":{"line":104,"column":13}},"69":{"start":{"line":99,"column":16},"end":{"line":103,"column":46}},"70":{"start":{"line":100,"column":20},"end":{"line":100,"column":33}},"71":{"start":{"line":101,"column":20},"end":{"line":101,"column":79}},"72":{"start":{"line":103,"column":21},"end":{"line":103,"column":46}},"73":{"start":{"line":107,"column":9},"end":{"line":115,"column":5}},"74":{"start":{"line":108,"column":8},"end":{"line":108,"column":41}},"75":{"start":{"line":111,"column":8},"end":{"line":111,"column":38}},"76":{"start":{"line":112,"column":8},"end":{"line":114,"column":11}},"77":{"start":{"line":113,"column":12},"end":{"line":113,"column":37}},"78":{"start":{"line":117,"column":4},"end":{"line":117,"column":18}}},"branchMap":{"1":{"line":10,"type":"if","locations":[{"start":{"line":10,"column":4},"end":{"line":10,"column":4}},{"start":{"line":10,"column":4},"end":{"line":10,"column":4}}]},"2":{"line":13,"type":"if","locations":[{"start":{"line":13,"column":4},"end":{"line":13,"column":4}},{"start":{"line":13,"column":4},"end":{"line":13,"column":4}}]},"3":{"line":17,"type":"if","locations":[{"start":{"line":17,"column":4},"end":{"line":17,"column":4}},{"start":{"line":17,"column":4},"end":{"line":17,"column":4}}]},"4":{"line":19,"type":"cond-expr","locations":[{"start":{"line":19,"column":23},"end":{"line":19,"column":26}},{"start":{"line":19,"column":29},"end":{"line":19,"column":32}}]},"5":{"line":29,"type":"if","locations":[{"start":{"line":29,"column":12},"end":{"line":29,"column":12}},{"start":{"line":29,"column":12},"end":{"line":29,"column":12}}]},"6":{"line":46,"type":"if","locations":[{"start":{"line":46,"column":16},"end":{"line":46,"column":16}},{"start":{"line":46,"column":16},"end":{"line":46,"column":16}}]},"7":{"line":66,"type":"binary-expr","locations":[{"start":{"line":66,"column":18},"end":{"line":66,"column":29}},{"start":{"line":66,"column":33},"end":{"line":66,"column":35}}]},"8":{"line":69,"type":"binary-expr","locations":[{"start":{"line":69,"column":19},"end":{"line":69,"column":30}},{"start":{"line":69,"column":34},"end":{"line":69,"column":36}}]},"9":{"line":70,"type":"binary-expr","locations":[{"start":{"line":70,"column":19},"end":{"line":70,"column":30}},{"start":{"line":70,"column":34},"end":{"line":70,"column":45}}]},"10":{"line":72,"type":"if","locations":[{"start":{"line":72,"column":4},"end":{"line":72,"column":4}},{"start":{"line":72,"column":4},"end":{"line":72,"column":4}}]},"11":{"line":72,"type":"binary-expr","locations":[{"start":{"line":72,"column":8},"end":{"line":72,"column":19}},{"start":{"line":72,"column":23},"end":{"line":72,"column":50}}]},"12":{"line":76,"type":"if","locations":[{"start":{"line":76,"column":9},"end":{"line":76,"column":9}},{"start":{"line":76,"column":9},"end":{"line":76,"column":9}}]},"13":{"line":80,"type":"if","locations":[{"start":{"line":80,"column":12},"end":{"line":80,"column":12}},{"start":{"line":80,"column":12},"end":{"line":80,"column":12}}]},"14":{"line":80,"type":"binary-expr","locations":[{"start":{"line":80,"column":16},"end":{"line":80,"column":29}},{"start":{"line":80,"column":33},"end":{"line":80,"column":51}},{"start":{"line":81,"column":15},"end":{"line":81,"column":51}}]},"15":{"line":84,"type":"if","locations":[{"start":{"line":84,"column":12},"end":{"line":84,"column":12}},{"start":{"line":84,"column":12},"end":{"line":84,"column":12}}]},"16":{"line":88,"type":"binary-expr","locations":[{"start":{"line":88,"column":28},"end":{"line":88,"column":33}},{"start":{"line":88,"column":38},"end":{"line":88,"column":50}}]},"17":{"line":89,"type":"if","locations":[{"start":{"line":89,"column":20},"end":{"line":89,"column":20}},{"start":{"line":89,"column":20},"end":{"line":89,"column":20}}]},"18":{"line":93,"type":"if","locations":[{"start":{"line":93,"column":20},"end":{"line":93,"column":20}},{"start":{"line":93,"column":20},"end":{"line":93,"column":20}}]},"19":{"line":99,"type":"if","locations":[{"start":{"line":99,"column":16},"end":{"line":99,"column":16}},{"start":{"line":99,"column":16},"end":{"line":99,"column":16}}]},"20":{"line":107,"type":"if","locations":[{"start":{"line":107,"column":9},"end":{"line":107,"column":9}},{"start":{"line":107,"column":9},"end":{"line":107,"column":9}}]}},"code":["var net = require('net');","var tls = require('tls');","","var proto = exports.protocol = {","    client : require('./lib/client/proto'),","    server : require('./lib/server/proto'),","};","","exports.createServer = function (opts, cb) {","    if (typeof opts === 'string') {","        opts = { domain: opts };","    }","    if (typeof opts === 'function') {","        cb = opts;","        opts = {};;","    }","    if (!opts) opts = {};","    var istls = Boolean(opts.tls);","    var tnet = istls ? tls : net;","    ","    return tnet.createServer(opts, function (stream) {","        var req = proto.client(opts, stream);","        var clienttls = istls;","        ","        req.on('error', function () {});","        stream.on('error', function (err) {});","        ","        req.on('_tlsNext', function (write, next) {","            if (clienttls) {","                write(220, 'Already using TLS?');","                //write(503, 'Bad sequence: already using TLS.');","                return next();","            }","            clienttls = true;","            ","            var tserver = tls.createServer(opts);","            tserver.listen(0, '127.0.0.1', function () {","                var s = net.connect(tserver.address().port, '127.0.0.1');","                s.on('error', function (err) { stream.end() });","                s.pipe(stream).pipe(s);","                write(220, 'Ready to start TLS.');","            });","            ","            var index = 0;","            tserver.on('secureConnection', function (sec) {","                if (index ++ > 0) return sec.end();","                req._swapStream(sec);","                req.emit('tls', sec);","            });","            stream.on('close', function () {","                tserver.close();","            });","        });","        cb(req);","    });","};","","exports.connect = function () {","    var args = [].slice.call(arguments).reduce(function (acc, arg) {","        acc[typeof arg] = arg;","        return acc;","    }, {});","","    var stream;","    var cb = args.function;","    var options = args.object || {};","    ","    var tlsOpts = options.tls;","    options.port = args.number || 25;","    options.host = args.string || 'localhost';","    ","    if (args.string && args.string.match(/^[.\\/]/)) {","        // unix socket","        stream = net.createConnection(args.string);","    }","    else if (tlsOpts) {","        stream = tls.connect(options.port, options.host, tlsOpts, function () {","            var pending = stream.listeners('secure').length;","            var allOk = true;","            if (pending === 0 && !stream.authorized","            && tlsOpts.rejectUnauthorized !== false) {","                allOk = false;","            }","            if (pending === 0) return done()","            ","            var ack = {","                accept : function (ok) {","                    allOk = allOk && (ok !== false);","                    if (--pending === 0) done();","                },","                reject : function () {","                    allOk = false;","                    if (--pending === 0) done();","                }","            };","            stream.emit('secure', ack);","            ","            function done () {","                if (!allOk) {","                    stream.end();","                    stream.emit('error', new Error(stream.authorizationError));","                }","                else cb(proto.server(stream));","            }","        });","    }","    else if (options.stream) {","        cb(proto.server(options.stream));","    }","    else {","        stream = net.connect(options);","        stream.on('connect', function () {","            cb(proto.server(stream));","        });","    }","    ","    return stream;","};",""],"l":{"1":1,"2":1,"4":1,"9":1,"10":0,"11":0,"13":0,"14":0,"15":0,"17":0,"18":0,"19":0,"21":0,"22":0,"23":0,"25":0,"26":0,"28":0,"29":0,"30":0,"32":0,"34":0,"36":0,"37":0,"38":0,"39":0,"40":0,"41":0,"44":0,"45":0,"46":0,"47":0,"48":0,"50":0,"51":0,"54":0,"58":1,"59":0,"60":0,"61":0,"64":0,"65":0,"66":0,"68":0,"69":0,"70":0,"72":0,"74":0,"76":0,"77":0,"78":0,"79":0,"80":0,"82":0,"84":0,"86":0,"88":0,"89":0,"92":0,"93":0,"96":0,"98":1,"99":0,"100":0,"101":0,"103":0,"107":0,"108":0,"111":0,"112":0,"113":0,"117":0}},"/home/travis/build/npmtest/node-npmtest-smtp-protocol/node_modules/smtp-protocol/lib/client/proto.js":{"path":"/home/travis/build/npmtest/node-npmtest-smtp-protocol/node_modules/smtp-protocol/lib/client/proto.js","s":{"1":1,"2":1,"3":1,"4":1,"5":1,"6":1,"7":1,"8":0,"9":0,"10":0,"11":0,"12":0,"13":0,"14":0,"15":0,"16":1,"17":0,"18":0,"19":0,"20":0,"21":0,"22":0,"23":0,"24":0,"25":1,"26":0,"27":0,"28":0,"29":0,"30":0,"31":0,"32":0,"33":0,"34":0,"35":0,"36":0,"37":0,"38":0,"39":0,"40":0,"41":0,"42":0,"43":0,"44":0,"45":0,"46":0,"47":0,"48":0,"49":0,"50":0,"51":0,"52":0,"53":0,"54":0,"55":0,"56":0,"57":0,"58":0,"59":0,"60":0,"61":0,"62":0,"63":0,"64":0,"65":0,"66":0,"67":0,"68":0,"69":0,"70":0,"71":0,"72":0,"73":0,"74":0,"75":0,"76":0,"77":0,"78":0,"79":0,"80":0,"81":0,"82":0,"83":0,"84":0,"85":0,"86":0,"87":0,"88":0,"89":0,"90":0,"91":0,"92":0,"93":0,"94":0,"95":0,"96":0,"97":0,"98":0,"99":0,"100":0,"101":0,"102":0,"103":0,"104":0,"105":0,"106":0,"107":1,"108":0,"109":0,"110":0,"111":0,"112":0,"113":0,"114":0,"115":0,"116":0,"117":0,"118":0,"119":1,"120":0,"121":0,"122":1,"123":0,"124":0,"125":0,"126":0,"127":0},"b":{"1":[0,0],"2":[0,0],"3":[0,0],"4":[0,0],"5":[0,0],"6":[0,0],"7":[0,0],"8":[0,0],"9":[0,0],"10":[0,0],"11":[0,0],"12":[0,0],"13":[0,0],"14":[0,0],"15":[0,0],"16":[0,0],"17":[0,0],"18":[0,0],"19":[0,0],"20":[0,0],"21":[0,0],"22":[0,0],"23":[0,0],"24":[0,0],"25":[0,0],"26":[0,0],"27":[0,0],"28":[0,0],"29":[0,0],"30":[0,0],"31":[0,0],"32":[0,0],"33":[0,0],"34":[0,0],"35":[0,0],"36":[0,0]},"f":{"1":0,"2":0,"3":0,"4":0,"5":0,"6":0,"7":0,"8":0,"9":0,"10":0,"11":0,"12":0,"13":0,"14":0,"15":0,"16":0,"17":0,"18":0},"fnMap":{"1":{"name":"(anonymous_1)","line":8,"loc":{"start":{"line":8,"column":17},"end":{"line":8,"column":41}}},"2":{"name":"createAck","line":19,"loc":{"start":{"line":19,"column":4},"end":{"line":19,"column":41}}},"3":{"name":"(anonymous_3)","line":21,"loc":{"start":{"line":21,"column":21},"end":{"line":21,"column":42}}},"4":{"name":"(anonymous_4)","line":26,"loc":{"start":{"line":26,"column":21},"end":{"line":26,"column":42}}},"5":{"name":"emit","line":33,"loc":{"start":{"line":33,"column":4},"end":{"line":33,"column":28}}},"6":{"name":"(anonymous_6)","line":49,"loc":{"start":{"line":49,"column":22},"end":{"line":49,"column":35}}},"7":{"name":"next","line":61,"loc":{"start":{"line":61,"column":16},"end":{"line":61,"column":33}}},"8":{"name":"(anonymous_8)","line":62,"loc":{"start":{"line":62,"column":21},"end":{"line":62,"column":41}}},"9":{"name":"(anonymous_9)","line":70,"loc":{"start":{"line":70,"column":32},"end":{"line":70,"column":44}}},"10":{"name":"(anonymous_10)","line":90,"loc":{"start":{"line":90,"column":42},"end":{"line":90,"column":54}}},"11":{"name":"(anonymous_11)","line":101,"loc":{"start":{"line":101,"column":39},"end":{"line":101,"column":51}}},"12":{"name":"(anonymous_12)","line":107,"loc":{"start":{"line":107,"column":35},"end":{"line":107,"column":47}}},"13":{"name":"(anonymous_13)","line":130,"loc":{"start":{"line":130,"column":47},"end":{"line":130,"column":59}}},"14":{"name":"makeTarget","line":156,"loc":{"start":{"line":156,"column":0},"end":{"line":156,"column":40}}},"15":{"name":"(anonymous_15)","line":160,"loc":{"start":{"line":160,"column":19},"end":{"line":160,"column":40}}},"16":{"name":"write","line":173,"loc":{"start":{"line":173,"column":4},"end":{"line":173,"column":25}}},"17":{"name":"end","line":177,"loc":{"start":{"line":177,"column":4},"end":{"line":177,"column":20}}},"18":{"name":"(anonymous_18)","line":184,"loc":{"start":{"line":184,"column":30},"end":{"line":184,"column":42}}}},"statementMap":{"1":{"start":{"line":1,"column":0},"end":{"line":1,"column":36}},"2":{"start":{"line":2,"column":0},"end":{"line":2,"column":36}},"3":{"start":{"line":3,"column":0},"end":{"line":3,"column":33}},"4":{"start":{"line":4,"column":0},"end":{"line":4,"column":23}},"5":{"start":{"line":5,"column":0},"end":{"line":5,"column":50}},"6":{"start":{"line":6,"column":0},"end":{"line":6,"column":39}},"7":{"start":{"line":8,"column":0},"end":{"line":154,"column":2}},"8":{"start":{"line":9,"column":4},"end":{"line":12,"column":5}},"9":{"start":{"line":10,"column":8},"end":{"line":10,"column":22}},"10":{"start":{"line":11,"column":8},"end":{"line":11,"column":18}},"11":{"start":{"line":13,"column":4},"end":{"line":13,"column":25}},"12":{"start":{"line":13,"column":15},"end":{"line":13,"column":25}},"13":{"start":{"line":15,"column":4},"end":{"line":15,"column":27}},"14":{"start":{"line":16,"column":4},"end":{"line":16,"column":31}},"15":{"start":{"line":17,"column":4},"end":{"line":17,"column":45}},"16":{"start":{"line":19,"column":4},"end":{"line":31,"column":5}},"17":{"start":{"line":20,"column":8},"end":{"line":30,"column":10}},"18":{"start":{"line":22,"column":16},"end":{"line":22,"column":56}},"19":{"start":{"line":23,"column":16},"end":{"line":23,"column":29}},"20":{"start":{"line":23,"column":24},"end":{"line":23,"column":29}},"21":{"start":{"line":24,"column":16},"end":{"line":24,"column":33}},"22":{"start":{"line":24,"column":26},"end":{"line":24,"column":33}},"23":{"start":{"line":27,"column":16},"end":{"line":27,"column":38}},"24":{"start":{"line":28,"column":16},"end":{"line":28,"column":23}},"25":{"start":{"line":33,"column":4},"end":{"line":46,"column":5}},"26":{"start":{"line":34,"column":8},"end":{"line":34,"column":49}},"27":{"start":{"line":35,"column":8},"end":{"line":35,"column":66}},"28":{"start":{"line":36,"column":8},"end":{"line":44,"column":9}},"29":{"start":{"line":37,"column":12},"end":{"line":43,"column":30}},"30":{"start":{"line":38,"column":16},"end":{"line":38,"column":72}},"31":{"start":{"line":40,"column":17},"end":{"line":43,"column":30}},"32":{"start":{"line":41,"column":16},"end":{"line":41,"column":44}},"33":{"start":{"line":43,"column":17},"end":{"line":43,"column":30}},"34":{"start":{"line":45,"column":8},"end":{"line":45,"column":39}},"35":{"start":{"line":48,"column":4},"end":{"line":48,"column":31}},"36":{"start":{"line":49,"column":4},"end":{"line":55,"column":6}},"37":{"start":{"line":50,"column":8},"end":{"line":50,"column":26}},"38":{"start":{"line":51,"column":8},"end":{"line":51,"column":22}},"39":{"start":{"line":52,"column":8},"end":{"line":52,"column":19}},"40":{"start":{"line":53,"column":8},"end":{"line":53,"column":51}},"41":{"start":{"line":54,"column":8},"end":{"line":54,"column":15}},"42":{"start":{"line":57,"column":4},"end":{"line":57,"column":52}},"43":{"start":{"line":58,"column":4},"end":{"line":58,"column":24}},"44":{"start":{"line":59,"column":4},"end":{"line":59,"column":53}},"45":{"start":{"line":61,"column":4},"end":{"line":151,"column":9}},"46":{"start":{"line":62,"column":8},"end":{"line":148,"column":11}},"47":{"start":{"line":63,"column":12},"end":{"line":67,"column":13}},"48":{"start":{"line":64,"column":16},"end":{"line":65,"column":62}},"49":{"start":{"line":64,"column":30},"end":{"line":64,"column":76}},"50":{"start":{"line":65,"column":21},"end":{"line":65,"column":62}},"51":{"start":{"line":66,"column":16},"end":{"line":66,"column":30}},"52":{"start":{"line":68,"column":12},"end":{"line":68,"column":34}},"53":{"start":{"line":69,"column":12},"end":{"line":73,"column":15}},"54":{"start":{"line":70,"column":46},"end":{"line":70,"column":63}},"55":{"start":{"line":74,"column":12},"end":{"line":74,"column":34}},"56":{"start":{"line":74,"column":27},"end":{"line":74,"column":34}},"57":{"start":{"line":76,"column":12},"end":{"line":147,"column":13}},"58":{"start":{"line":77,"column":16},"end":{"line":77,"column":35}},"59":{"start":{"line":78,"column":16},"end":{"line":78,"column":33}},"60":{"start":{"line":79,"column":16},"end":{"line":79,"column":29}},"61":{"start":{"line":81,"column":17},"end":{"line":147,"column":13}},"62":{"start":{"line":82,"column":16},"end":{"line":82,"column":27}},"63":{"start":{"line":83,"column":16},"end":{"line":83,"column":35}},"64":{"start":{"line":84,"column":16},"end":{"line":84,"column":37}},"65":{"start":{"line":85,"column":16},"end":{"line":85,"column":33}},"66":{"start":{"line":86,"column":16},"end":{"line":86,"column":23}},"67":{"start":{"line":88,"column":17},"end":{"line":147,"column":13}},"68":{"start":{"line":89,"column":16},"end":{"line":98,"column":17}},"69":{"start":{"line":90,"column":20},"end":{"line":93,"column":23}},"70":{"start":{"line":91,"column":24},"end":{"line":91,"column":52}},"71":{"start":{"line":92,"column":24},"end":{"line":92,"column":52}},"72":{"start":{"line":96,"column":20},"end":{"line":96,"column":78}},"73":{"start":{"line":97,"column":20},"end":{"line":97,"column":27}},"74":{"start":{"line":100,"column":17},"end":{"line":147,"column":13}},"75":{"start":{"line":101,"column":16},"end":{"line":104,"column":19}},"76":{"start":{"line":102,"column":20},"end":{"line":102,"column":42}},"77":{"start":{"line":103,"column":20},"end":{"line":103,"column":40}},"78":{"start":{"line":106,"column":17},"end":{"line":147,"column":13}},"79":{"start":{"line":107,"column":16},"end":{"line":117,"column":19}},"80":{"start":{"line":108,"column":20},"end":{"line":110,"column":21}},"81":{"start":{"line":109,"column":24},"end":{"line":109,"column":39}},"82":{"start":{"line":111,"column":20},"end":{"line":111,"column":44}},"83":{"start":{"line":112,"column":20},"end":{"line":114,"column":21}},"84":{"start":{"line":113,"column":24},"end":{"line":113,"column":36}},"85":{"start":{"line":115,"column":20},"end":{"line":115,"column":40}},"86":{"start":{"line":119,"column":17},"end":{"line":147,"column":13}},"87":{"start":{"line":120,"column":16},"end":{"line":134,"column":17}},"88":{"start":{"line":121,"column":20},"end":{"line":121,"column":62}},"89":{"start":{"line":122,"column":20},"end":{"line":122,"column":27}},"90":{"start":{"line":124,"column":21},"end":{"line":134,"column":17}},"91":{"start":{"line":125,"column":20},"end":{"line":125,"column":62}},"92":{"start":{"line":126,"column":20},"end":{"line":126,"column":27}},"93":{"start":{"line":129,"column":20},"end":{"line":129,"column":63}},"94":{"start":{"line":130,"column":20},"end":{"line":132,"column":34}},"95":{"start":{"line":131,"column":24},"end":{"line":131,"column":55}},"96":{"start":{"line":133,"column":20},"end":{"line":133,"column":60}},"97":{"start":{"line":136,"column":17},"end":{"line":147,"column":13}},"98":{"start":{"line":137,"column":16},"end":{"line":137,"column":50}},"99":{"start":{"line":138,"column":16},"end":{"line":138,"column":36}},"100":{"start":{"line":140,"column":17},"end":{"line":147,"column":13}},"101":{"start":{"line":141,"column":16},"end":{"line":141,"column":52}},"102":{"start":{"line":142,"column":16},"end":{"line":142,"column":23}},"103":{"start":{"line":145,"column":16},"end":{"line":145,"column":47}},"104":{"start":{"line":146,"column":16},"end":{"line":146,"column":23}},"105":{"start":{"line":150,"column":8},"end":{"line":150,"column":20}},"106":{"start":{"line":153,"column":4},"end":{"line":153,"column":15}},"107":{"start":{"line":156,"column":0},"end":{"line":186,"column":1}},"108":{"start":{"line":157,"column":4},"end":{"line":157,"column":37}},"109":{"start":{"line":158,"column":4},"end":{"line":158,"column":27}},"110":{"start":{"line":160,"column":4},"end":{"line":169,"column":6}},"111":{"start":{"line":161,"column":8},"end":{"line":164,"column":9}},"112":{"start":{"line":162,"column":12},"end":{"line":162,"column":23}},"113":{"start":{"line":163,"column":12},"end":{"line":163,"column":29}},"114":{"start":{"line":165,"column":8},"end":{"line":165,"column":42}},"115":{"start":{"line":165,"column":32},"end":{"line":165,"column":42}},"116":{"start":{"line":167,"column":8},"end":{"line":167,"column":32}},"117":{"start":{"line":168,"column":8},"end":{"line":168,"column":40}},"118":{"start":{"line":171,"column":4},"end":{"line":171,"column":18}},"119":{"start":{"line":173,"column":4},"end":{"line":175,"column":5}},"120":{"start":{"line":174,"column":8},"end":{"line":174,"column":43}},"121":{"start":{"line":174,"column":27},"end":{"line":174,"column":43}},"122":{"start":{"line":177,"column":4},"end":{"line":185,"column":5}},"123":{"start":{"line":178,"column":8},"end":{"line":178,"column":25}},"124":{"start":{"line":180,"column":8},"end":{"line":184,"column":46}},"125":{"start":{"line":181,"column":12},"end":{"line":181,"column":63}},"126":{"start":{"line":182,"column":12},"end":{"line":182,"column":19}},"127":{"start":{"line":184,"column":13},"end":{"line":184,"column":46}}},"branchMap":{"1":{"line":9,"type":"if","locations":[{"start":{"line":9,"column":4},"end":{"line":9,"column":4}},{"start":{"line":9,"column":4},"end":{"line":9,"column":4}}]},"2":{"line":13,"type":"if","locations":[{"start":{"line":13,"column":4},"end":{"line":13,"column":4}},{"start":{"line":13,"column":4},"end":{"line":13,"column":4}}]},"3":{"line":17,"type":"binary-expr","locations":[{"start":{"line":17,"column":15},"end":{"line":17,"column":26}},{"start":{"line":17,"column":30},"end":{"line":17,"column":43}}]},"4":{"line":22,"type":"binary-expr","locations":[{"start":{"line":22,"column":28},"end":{"line":22,"column":31}},{"start":{"line":22,"column":35},"end":{"line":22,"column":39}}]},"5":{"line":22,"type":"binary-expr","locations":[{"start":{"line":22,"column":41},"end":{"line":22,"column":47}},{"start":{"line":22,"column":51},"end":{"line":22,"column":54}}]},"6":{"line":23,"type":"if","locations":[{"start":{"line":23,"column":16},"end":{"line":23,"column":16}},{"start":{"line":23,"column":16},"end":{"line":23,"column":16}}]},"7":{"line":24,"type":"if","locations":[{"start":{"line":24,"column":16},"end":{"line":24,"column":16}},{"start":{"line":24,"column":16},"end":{"line":24,"column":16}}]},"8":{"line":36,"type":"if","locations":[{"start":{"line":36,"column":8},"end":{"line":36,"column":8}},{"start":{"line":36,"column":8},"end":{"line":36,"column":8}}]},"9":{"line":37,"
[...]
rt":{"line":181,"column":4},"end":{"line":181,"column":4}}]},"32":{"line":182,"type":"binary-expr","locations":[{"start":{"line":182,"column":26},"end":{"line":182,"column":39}},{"start":{"line":182,"column":43},"end":{"line":182,"column":56}}]},"33":{"line":187,"type":"if","locations":[{"start":{"line":187,"column":8},"end":{"line":187,"column":8}},{"start":{"line":187,"column":8},"end":{"line":187,"column":8}}]},"34":{"line":188,"type":"if","locations":[{"start":{"line":188,"column":8},"end":{"line":188,"column":8}},{"start":{"line":188,"column":8},"end":{"line":188,"column":8}}]},"35":{"line":191,"type":"if","locations":[{"start":{"line":191,"column":12},"end":{"line":191,"column":12}},{"start":{"line":191,"column":12},"end":{"line":191,"column":12}}]},"36":{"line":202,"type":"if","locations":[{"start":{"line":202,"column":4},"end":{"line":202,"column":4}},{"start":{"line":202,"column":4},"end":{"line":202,"column":4}}]},"37":{"line":202,"type":"if","locations":[{"start":{"line":202,"column":35},"end":{"line":202,"column":35}},{"start":{"line":202,"column":35},"end":{"line":202,"column":35}}]},"38":{"line":209,"type":"if","locations":[{"start":{"line":209,"column":4},"end":{"line":209,"column":4}},{"start":{"line":209,"column":4},"end":{"line":209,"column":4}}]},"39":{"line":209,"type":"if","locations":[{"start":{"line":209,"column":35},"end":{"line":209,"column":35}},{"start":{"line":209,"column":35},"end":{"line":209,"column":35}}]},"40":{"line":211,"type":"if","locations":[{"start":{"line":211,"column":4},"end":{"line":211,"column":4}},{"start":{"line":211,"column":4},"end":{"line":211,"column":4}}]},"41":{"line":217,"type":"cond-expr","locations":[{"start":{"line":217,"column":17},"end":{"line":217,"column":26}},{"start":{"line":217,"column":29},"end":{"line":217,"column":31}}]},"42":{"line":225,"type":"if","locations":[{"start":{"line":225,"column":4},"end":{"line":225,"column":4}},{"start":{"line":225,"column":4},"end":{"line":225,"column":4}}]},"43":{"line":225,"type":"if","locations":[{"start":{"line":225,"column":35},"end":{"line":225,"column":35}},{"start":{"line":225,"column":35},"end":{"line":225,"column":35}}]},"44":{"line":227,"type":"if","locations":[{"start":{"line":227,"column":4},"end":{"line":227,"column":4}},{"start":{"line":227,"column":4},"end":{"line":227,"column":4}}]},"45":{"line":233,"type":"cond-expr","locations":[{"start":{"line":233,"column":17},"end":{"line":233,"column":26}},{"start":{"line":233,"column":29},"end":{"line":233,"column":31}}]},"46":{"line":241,"type":"if","locations":[{"start":{"line":241,"column":4},"end":{"line":241,"column":4}},{"start":{"line":241,"column":4},"end":{"line":241,"column":4}}]},"47":{"line":241,"type":"if","locations":[{"start":{"line":241,"column":35},"end":{"line":241,"column":35}},{"start":{"line":241,"column":35},"end":{"line":241,"column":35}}]},"48":{"line":248,"type":"if","locations":[{"start":{"line":248,"column":4},"end":{"line":248,"column":4}},{"start":{"line":248,"column":4},"end":{"line":248,"column":4}}]},"49":{"line":249,"type":"if","locations":[{"start":{"line":249,"column":8},"end":{"line":249,"column":8}},{"start":{"line":249,"column":8},"end":{"line":249,"column":8}}]},"50":{"line":254,"type":"if","locations":[{"start":{"line":254,"column":4},"end":{"line":254,"column":4}},{"start":{"line":254,"column":4},"end":{"line":254,"column":4}}]},"51":{"line":254,"type":"binary-expr","locations":[{"start":{"line":254,"column":8},"end":{"line":254,"column":15}},{"start":{"line":254,"column":19},"end":{"line":254,"column":47}}]},"52":{"line":272,"type":"if","locations":[{"start":{"line":272,"column":4},"end":{"line":272,"column":4}},{"start":{"line":272,"column":4},"end":{"line":272,"column":4}}]},"53":{"line":272,"type":"if","locations":[{"start":{"line":272,"column":35},"end":{"line":272,"column":35}},{"start":{"line":272,"column":35},"end":{"line":272,"column":35}}]},"54":{"line":278,"type":"if","locations":[{"start":{"line":278,"column":4},"end":{"line":278,"column":4}},{"start":{"line":278,"column":4},"end":{"line":278,"column":4}}]},"55":{"line":278,"type":"if","locations":[{"start":{"line":278,"column":35},"end":{"line":278,"column":35}},{"start":{"line":278,"column":35},"end":{"line":278,"column":35}}]}},"code":["var parser = require('./parser');","var EventEmitter = require('events').EventEmitter;","var dot = require('../dot.js').dot;","var crypto = require('crypto');","var util = require('util');","var through = require('through');","var copy = require('shallow-copy');","var tls = require('tls');","","module.exports = function (stream) {","    return new Client(stream);","};","","function Client (stream) {","    EventEmitter.call(this);","    var self = this;","    self.stream = stream;","    self.queue = [","        function (err, code, lines) {","            if (err) self.emit('error', err);","            else {","                self.greeting = [code, lines];","                self.emit('greeting', code, lines)","            }","        }","    ];","    self._writeQueue = [];","    ","    parser(stream, function (err, code, lines) {","        if (!self.queue.length) return;","        ","        var cb = self.queue.shift();","        if (cb) cb(err, code, lines);","        ","        self._nextWrite();","    });","    ","    self.on('newListener', function(event, listener) {","","        if (event === 'greeting' && this.greeting) {","            listener(this.greeting[0], this.greeting[1])","        }","","    });","","    return self;","}","","util.inherits(Client, EventEmitter);","","Client.prototype._nextWrite = function next () {","    var self = this;","    ","    if (!self._writeQueue.length) return;","    var r = self._writeQueue.shift();","    var msg = r[0];","    if (msg && typeof msg === 'object'","    && typeof msg.pipe === 'function') {","        msg.on('data', function () {});","        msg.on('end', next);","        msg.pipe(self.stream, { end: false });","        msg.resume();","    }","    else {","        self.stream.write(msg);","        if (r[1]) next();","    }","};","","Client.prototype._write = function (msg, cb) {","    this._writeQueue.push([ msg, !cb ]);","    if (cb) this.queue.push(cb);","    this._nextWrite();","};","","Client.prototype.login = function (username, password, type, cb) {","    var self = this;","    if (!cb) cb = function (err) { if (err) self.emit('error', err) };","    ","    var supportedTypes =  ['PLAIN','LOGIN','CRAM-MD5'];","    type = (type) ? type.toUpperCase() : 'PLAIN';","    if(supportedTypes.indexOf(type) < 0){","        cb('Unsupported login type', 451);","    }","    switch(type){","        case 'PLAIN':","            var buf = new Buffer(username + \"\\0\" + username + \"\\0\" + password);","            self._write(\"AUTH PLAIN \" + buf.toString(\"base64\") + \"\\r\\n\", cb);","            break;","        case \"LOGIN\":","\t\tcase \"CRAM-MD5\":","            self.authtype = type;","            self.username = username;","            self.password = password;","            self._write(\"AUTH \" + type + \"\\r\\n\", function(err,code,lines){","                if(err){","                    cb(err,code,lines);","                    return true;","                }","                if(code != 334){","                    cb(type+' Auth Failed',code,lines);","                    return true;","                }","                switch (self.authtype) {","                    case \"LOGIN\":","                        var buf = new Buffer(self.username);","                        self._write(buf.toString(\"base64\") + \"\\r\\n\");","                        self.queue.push(function(erro,code,lines){","                            if(erro){","                                cb(erro,code,lines);","                                return true;","                            }","                            if(code != 334){","                                cb('LOGIN Auth Failed at username',code,lines);","                                return true;","                            }","                            var buf = new Buffer(self.password);","                            self._write(buf.toString(\"base64\") + \"\\r\\n\", cb);","                        });","                        break;","                    case \"CRAM-MD5\":","                        var hmac = crypto.createHmac('md5', self.password);","                        msg = (new Buffer(msg, \"base64\")).toString(\"ascii\");","                        hmac.update(msg);","                        self._write(","                            (new Buffer(self.username + \" \"","                            + hmac.digest(\"hex\")).toString(\"base64\")) + \"\\r\\n\",","                            cb","                        );","                        break;","                }","            });","    }","};","","Client.prototype.helo = function (hostname, cb) {","    var self = this;","    ","    if (typeof hostname === 'function') {","        cb = hostname;","        hostname = undefined;","    }","    if (!cb) cb = function (err) { if (err) self.emit('error', err) };","    ","    this._write(","        'HELO'","        + (hostname !== undefined ? ' ' + hostname : '')","        + '\\r\\n',","        cb","    );","    this.hostname = hostname;","};","","Client.prototype.ehlo = function (hostname, cb) {","    var self = this;","    ","    if (typeof hostname === 'function') {","        cb = hostname;","        hostname = undefined;","    }","    if (!cb) cb = function (err) { if (err) self.emit('error', err) };","    ","    this.hostname = hostname;","    this._write(","        'EHLO'","        + (hostname !== undefined ? ' ' + hostname : '')","        + '\\r\\n',","        cb","    );","};","","Client.prototype.startTLS = function (opts, cb) {","    var self = this;","    ","    if (typeof opts === 'function') {","        cb = opts;","        opts = {};","    }","    opts = copy(opts || {});","    ","    if (!opts.servername) {","        opts.servername = opts.hostname || self.hostname;","    }","    opts.socket = self.stream;","    ","    this._write('STARTTLS\\r\\n', function (err) {","        if (err) return self.emit('error', err);","        if (cb) cb.apply(this, arguments);","        ","        self.stream = tls.connect(opts, function (err) {","            if (err) self.emit('error', err)","            else self.emit('tls')","        });","        self.stream.on('error', function (err) {","            self.emit('error', err);","        });","    });","};","","Client.prototype.verify = function (username, cb) {","    var self = this;","    if (!cb) cb = function (err) { if (err) self.emit('error', err) };","    ","    this._write('VRFY ' + username + '\\r\\n', cb);","};","","Client.prototype.to = function (addr, ext, cb) {","    var self = this;","    if (!cb) cb = function (err) { if (err) self.emit('error', err) };","    ","    if (typeof ext === 'function') {","        cb = ext;","        ext = undefined;","    }","    this._write(","        'RCPT TO:<' + addr + '>'","        + (ext ? ' ' + ext : '')","        + '\\r\\n',","        cb","    );","};","","Client.prototype.from = function (addr, ext, cb) {","    var self = this;","    if (!cb) cb = function (err) { if (err) self.emit('error', err) };","    ","    if (typeof ext === 'function') {","        cb = ext;","        ext = undefined;","    }","    this._write(","        'MAIL FROM:<' + addr + '>'","        + (ext ? ' ' + ext : '')","        + '\\r\\n',","        cb","    );","};","","Client.prototype.data = function (cb) {","    var self = this;","    if (!cb) cb = function (err) { if (err) self.emit('error', err) };","    ","    this._write('DATA\\r\\n', cb);","};","","Client.prototype.message = function (source, cb) {","    var self = this;","    if (!cb) cb = function (err) {","        if (err) self.emit('error', err)","    };","    ","    var newline = true;","    ","    if (!source || typeof source === 'function') {","        cb = source;","        source = through();","    }","    var tr = through(null, end);","    tr.pause();","    ","    self._write(dot(source).pipe(tr), cb);","    ","    return source;","    ","    function end () {","        this.queue('\\r\\n.\\r\\n');","    }","};","","Client.prototype.quit = function (cb) {","    var self = this;","    if (!cb) cb = function (err) { if (err) self.emit('error', err) };","    this._write('QUIT\\r\\n', cb);","};","","Client.prototype.reset = function (cb) {","    var self = this;","    if (!cb) cb = function (err) { if (err) self.emit('error', err) };","    this._write('RSET\\r\\n', cb);","};",""],"l":{"1":1,"2":1,"3":1,"4":1,"5":1,"6":1,"7":1,"8":1,"10":1,"11":0,"14":1,"15":0,"16":0,"17":0,"18":0,"20":0,"22":0,"23":0,"27":0,"29":0,"30":0,"32":0,"33":0,"35":0,"38":0,"40":0,"41":0,"46":0,"49":1,"51":1,"52":0,"54":0,"55":0,"56":0,"57":0,"59":0,"60":0,"61":0,"62":0,"65":0,"66":0,"70":1,"71":0,"72":0,"73":0,"76":1,"77":0,"78":0,"80":0,"81":0,"82":0,"83":0,"85":0,"87":0,"88":0,"89":0,"92":0,"93":0,"94":0,"95":0,"96":0,"97":0,"98":0,"100":0,"101":0,"102":0,"104":0,"106":0,"107":0,"108":0,"109":0,"110":0,"111":0,"113":0,"114":0,"115":0,"117":0,"118":0,"120":0,"122":0,"123":0,"124":0,"125":0,"130":0,"136":1,"137":0,"139":0,"140":0,"141":0,"143":0,"145":0,"151":0,"154":1,"155":0,"157":0,"158":0,"159":0,"161":0,"163":0,"164":0,"172":1,"173":0,"175":0,"176":0,"177":0,"179":0,"181":0,"182":0,"184":0,"186":0,"187":0,"188":0,"190":0,"191":0,"192":0,"194":0,"195":0,"200":1,"201":0,"202":0,"204":0,"207":1,"208":0,"209":0,"211":0,"212":0,"213":0,"215":0,"223":1,"224":0,"225":0,"227":0,"228":0,"229":0,"231":0,"239":1,"240":0,"241":0,"243":0,"246":1,"247":0,"248":0,"249":0,"252":0,"254":0,"255":0,"256":0,"258":0,"259":0,"261":0,"263":0,"265":1,"266":0,"270":1,"271":0,"272":0,"273":0,"276":1,"277":0,"278":0,"279":0}},"/home/travis/build/npmtest/node-npmtest-smtp-protocol/node_modules/smtp-protocol/lib/server/parser.js":{"path":"/home/travis/build/npmtest/node-npmtest-smtp-protocol/node_modules/smtp-protocol/lib/server/parser.js","s":{"1":1,"2":0,"3":1,"4":0,"5":0,"6":0,"7":0,"8":1,"9":1,"10":0,"11":0,"12":1,"13":0,"14":0,"15":0,"16":0,"17":0,"18":0,"19":0,"20":0,"21":0,"22":0,"23":0,"24":0,"25":0,"26":0,"27":0,"28":0,"29":0,"30":0,"31":0},"b":{"1":[0,0],"2":[0,0],"3":[0,0],"4":[0,0],"5":[0,0],"6":[0,0],"7":[0,0]},"f":{"1":0,"2":0,"3":0,"4":0,"5":0},"fnMap":{"1":{"name":"(anonymous_1)","line":1,"loc":{"start":{"line":1,"column":17},"end":{"line":1,"column":39}}},"2":{"name":"ServerParser","line":5,"loc":{"start":{"line":5,"column":0},"end":{"line":5,"column":35}}},"3":{"name":"(anonymous_3)","line":15,"loc":{"start":{"line":15,"column":34},"end":{"line":15,"column":55}}},"4":{"name":"(anonymous_4)","line":20,"loc":{"start":{"line":20,"column":36},"end":{"line":20,"column":50}}},"5":{"name":"(anonymous_5)","line":24,"loc":{"start":{"line":24,"column":19},"end":{"line":24,"column":35}}}},"statementMap":{"1":{"start":{"line":1,"column":0},"end":{"line":3,"column":2}},"2":{"start":{"line":2,"column":4},"end":{"line":2,"column":40}},"3":{"start":{"line":5,"column":0},"end":{"line":11,"column":1}},"4":{"start":{"line":6,"column":4},"end":{"line":6,"column":25}},"5":{"start":{"line":7,"column":4},"end":{"line":7,"column":19}},"6":{"start":{"line":8,"column":4},"end":{"line":8,"column":23}},"7":{"start":{"line":10,"column":4},"end":{"line":10,"column":24}},"8":{"start":{"line":13,"column":0},"end":{"line":13,"column":50}},"9":{"start":{"line":15,"column":0},"end":{"line":18,"column":2}},"10":{"start":{"line":16,"column":4},"end":{"line":16,"column":19}},"11":{"start":{"line":17,"column":4},"end":{"line":17,"column":25}},"12":{"start":{"line":20,"column":0},"end":{"line":51,"column":1}},"13":{"start":{"line":21,"column":4},"end":{"line":21,"column":20}},"14":{"start":{"line":22,"column":4},"end":{"line":22,"column":28}},"15":{"start":{"line":24,"column":4},"end":{"line":50,"column":7}},"16":{"start":{"line":25,"column":8},"end":{"line":25,"column":53}},"17":{"start":{"line":26,"column":8},"end":{"line":26,"column":43}},"18":{"start":{"line":28,"column":8},"end":{"line":49,"column":38}},"19":{"start":{"line":29,"column":12},"end":{"line":29,"column":59}},"20":{"start":{"line":31,"column":13},"end":{"line":49,"column":38}},"21":{"start":{"line":32,"column":12},"end":{"line":41,"column":13}},"22":{"start":{"line":33,"column":16},"end":{"line":33,"column":72}},"23":{"start":{"line":36,"column":16},"end":{"line":36,"column":46}},"24":{"start":{"line":37,"column":16},"end":{"line":40,"column":17}},"25":{"start":{"line":38,"column":20},"end":{"line":38,"column":68}},"26":{"start":{"line":39,"column":20},"end":{"line":39,"column":40}},"27":{"start":{"line":43,"column":13},"end":{"line":49,"column":38}},"28":{"start":{"line":44,"column":12},"end":{"line":44,"column":61}},"29":{"start":{"line":46,"column":13},"end":{"line":49,"column":38}},"30":{"start":{"line":47,"column":12},"end":{"line":47,"column":31}},"31":{"start":{"line":49,"column":13},"end":{"line":49,"column":38}}},"branchMap":{"1":{"line":26,"type":"binary-expr","locations":[{"start":{"line":26,"column":19},"end":{"line":26,"column":20}},{"start":{"line":26,"column":24},"end":{"line":26,"column":42}}]},"2":{"line":28,"type":"if","locations":[{"start":{"line":28,"column":8},"end":{"line":28,"column":8}},{"start":{"line":28,"column":8},"end":{"line":28,"column":8}}]},"3":{"line":31,"type":"if","locations":[{"start":{"line":31,"column":13},"end":{"line":31,"column":13}},{"start":{"line":31,"column":13},"end":{"line":31,"column":13}}]},"4":{"line":32,"type":"if","locations":[{"start":{"line":32,"column":12},"end":{"line":32,"column":12}},{"start":{"line":32,"column":12},"end":{"line":32,"column":12}}]},"5":{"line":37,"type":"if","locations":[{"start":{"line":37,"column":16},"end":{"line":37,"column":16}},{"start":{"line":37,"column":16},"end":{"line":37,"column":16}}]},"6":{"line":43,"type":"if","locations":[{"start":{"line":43,"column":13},"end":{"line":43,"column":13}},{"start":{"line":43,"column":13},"end":{"line":43,"column":13}}]},"7":{"line":46,"type":"if","locations":[{"start":{"line":46,"column":13},"end":{"line":46,"column":13}},{"start":{"line":46,"column":13},"end":{"line":46,"column":13}}]}},"code":["module.exports = function (stream, cb) {","    return new ServerParser(stream, cb);","};","","function ServerParser (stream, cb) {","    this.stream = stream;","    this.bytes = 0;","    this.target = null;","    ","    this.parseLines(cb);","}","","ServerParser.prototype = require('../parse_data');","","ServerParser.prototype.getBytes = function (n, target) {","    this.bytes = n;","    this.target = target;","};","","ServerParser.prototype.parseLines = function (cb) {","    var self = this;","    var continuation = null;","    ","    self.parseData(function (line) {","        var m = line.match(/^(\\d+)(?:([- ])(.+))?$/);","        var code = m && parseInt(m[1], 10);","        ","        if (!m) {","            cb(new Error('syntax error parsing: ' + line));","        }","        else if (continuation) {","            if (code !== continuation.code) {","                cb(new Error('inconsistent code in line continuation'));","            }","            else {","                continuation.lines.push(m[3]);","                if (m[2] !== '-') {","                    cb(null, continuation.code, continuation.lines);","                    continuation = null;","                }","            }","        }","        else if (m[2] === '-') {","            continuation = { code : code, lines : [ m[3] ] };","        }","        else if (m[3] === undefined) {","            cb(null, code, []);","        }","        else cb(null, code, [ m[3] ]);","    });","}",""],"l":{"1":1,"2":0,"5":1,"6":0,"7":0,"8":0,"10":0,"13":1,"15":1,"16":0,"17":0,"20":1,"21":0,"22":0,"24":0,"25":0,"26":0,"28":0,"29":0,"31":0,"32":0,"33":0,"36":0,"37":0,"38":0,"39":0,"43":0,"44":0,"46":0,"47":0,"49":0}}}